# JRE version: OpenJDK Runtime Environment (8.0_102-b14) (build 1.8.0_102-8u102-b14.1-1~bpo8+1-b14)
# Java VM: OpenJDK 64-Bit Server VM (25.102-b14 mixed mode linux-amd64 compressed oops)
Heap:
 PSYoungGen      total 312320K, used 2025K [0x00000000eb580000, 0x0000000100000000, 0x0000000100000000)
  eden space 302592K, 0% used [0x00000000eb580000,0x00000000eb580000,0x00000000fdd00000)
  from space 9728K, 20% used [0x00000000ff680000,0x00000000ff87a6a0,0x0000000100000000)
  to   space 17920K, 0% used [0x00000000fdd00000,0x00000000fdd00000,0x00000000fee80000)
 ParOldGen       total 32256K, used 31918K [0x00000000c2000000, 0x00000000c3f80000, 0x00000000eb580000)
  object space 32256K, 98% used [0x00000000c2000000,0x00000000c3f2b838,0x00000000c3f80000)
 Metaspace       used 27263K, capacity 27544K, committed 27776K, reserved 1073152K
  class space    used 3255K, capacity 3344K, committed 3456K, reserved 1048576K
GC Heap History (10 events):
Event: 10,398 GC heap after
Heap after GC invocations=7 (full 0):
 PSYoungGen      total 132096K, used 5096K [0x00000000eb580000, 0x00000000fba80000, 0x0000000100000000)
  eden space 126976K, 0% used [0x00000000eb580000,0x00000000eb580000,0x00000000f3180000)
  from space 5120K, 99% used [0x00000000f3180000,0x00000000f367a220,0x00000000f3680000)
  to   space 6656K, 0% used [0x00000000fb400000,0x00000000fb400000,0x00000000fba80000)
 ParOldGen       total 42496K, used 5117K [0x00000000c2000000, 0x00000000c4980000, 0x00000000eb580000)
  object space 42496K, 12% used [0x00000000c2000000,0x00000000c24ff7b8,0x00000000c4980000)
 Metaspace       used 16228K, capacity 16444K, committed 16640K, reserved 1064960K
  class space    used 1942K, capacity 1978K, committed 2048K, reserved 1048576K
}
Event: 12,660 GC heap before
{Heap before GC invocations=8 (full 0):
 PSYoungGen      total 132096K, used 38235K [0x00000000eb580000, 0x00000000fba80000, 0x0000000100000000)
  eden space 126976K, 26% used [0x00000000eb580000,0x00000000ed5dcad8,0x00000000f3180000)
  from space 5120K, 99% used [0x00000000f3180000,0x00000000f367a220,0x00000000f3680000)
  to   space 6656K, 0% used [0x00000000fb400000,0x00000000fb400000,0x00000000fba80000)
 ParOldGen       total 42496K, used 5117K [0x00000000c2000000, 0x00000000c4980000, 0x00000000eb580000)
  object space 42496K, 12% used [0x00000000c2000000,0x00000000c24ff7b8,0x00000000c4980000)
 Metaspace       used 20828K, capacity 21094K, committed 21296K, reserved 1069056K
  class space    used 2561K, capacity 2669K, committed 2688K, reserved 1048576K
Event: 12,687 GC heap after
Heap after GC invocations=8 (full 0):
 PSYoungGen      total 260096K, used 5444K [0x00000000eb580000, 0x00000000fbb80000, 0x0000000100000000)
  eden space 253440K, 0% used [0x00000000eb580000,0x00000000eb580000,0x00000000fad00000)
  from space 6656K, 81% used [0x00000000fb400000,0x00000000fb9512a8,0x00000000fba80000)
  to   space 7168K, 0% used [0x00000000fad00000,0x00000000fad00000,0x00000000fb400000)
 ParOldGen       total 42496K, used 6744K [0x00000000c2000000, 0x00000000c4980000, 0x00000000eb580000)
  object space 42496K, 15% used [0x00000000c2000000,0x00000000c2696308,0x00000000c4980000)
 Metaspace       used 20828K, capacity 21094K, committed 21296K, reserved 1069056K
  class space    used 2561K, capacity 2669K, committed 2688K, reserved 1048576K
}
Event: 12,687 GC heap before
{Heap before GC invocations=9 (full 1):
 PSYoungGen      total 260096K, used 5444K [0x00000000eb580000, 0x00000000fbb80000, 0x0000000100000000)
  eden space 253440K, 0% used [0x00000000eb580000,0x00000000eb580000,0x00000000fad00000)
  from space 6656K, 81% used [0x00000000fb400000,0x00000000fb9512a8,0x00000000fba80000)
  to   space 7168K, 0% used [0x00000000fad00000,0x00000000fad00000,0x00000000fb400000)
 ParOldGen       total 42496K, used 6744K [0x00000000c2000000, 0x00000000c4980000, 0x00000000eb580000)
  object space 42496K, 15% used [0x00000000c2000000,0x00000000c2696308,0x00000000c4980000)
 Metaspace       used 20828K, capacity 21094K, committed 21296K, reserved 1069056K
  class space    used 2561K, capacity 2669K, committed 2688K, reserved 1048576K
Event: 12,817 GC heap after
Heap after GC invocations=9 (full 1):
 PSYoungGen      total 260096K, used 0K [0x00000000eb580000, 0x00000000fbb80000, 0x0000000100000000)
  eden space 253440K, 0% used [0x00000000eb580000,0x00000000eb580000,0x00000000fad00000)
  from space 6656K, 0% used [0x00000000fb400000,0x00000000fb400000,0x00000000fba80000)
  to   space 7168K, 0% used [0x00000000fad00000,0x00000000fad00000,0x00000000fb400000)
 ParOldGen       total 32256K, used 8251K [0x00000000c2000000, 0x00000000c3f80000, 0x00000000eb580000)
  object space 32256K, 25% used [0x00000000c2000000,0x00000000c280ef78,0x00000000c3f80000)
 Metaspace       used 20828K, capacity 21094K, committed 21296K, reserved 1069056K
  class space    used 2561K, capacity 2669K, committed 2688K, reserved 1048576K
}
Event: 17,340 GC heap before
{Heap before GC invocations=10 (full 1):
 PSYoungGen      total 260096K, used 253440K [0x00000000eb580000, 0x00000000fbb80000, 0x0000000100000000)
  eden space 253440K, 100% used [0x00000000eb580000,0x00000000fad00000,0x00000000fad00000)
  from space 6656K, 0% used [0x00000000fb400000,0x00000000fb400000,0x00000000fba80000)
  to   space 7168K, 0% used [0x00000000fad00000,0x00000000fad00000,0x00000000fb400000)
 ParOldGen       total 32256K, used 8251K [0x00000000c2000000, 0x00000000c3f80000, 0x00000000eb580000)
  object space 32256K, 25% used [0x00000000c2000000,0x00000000c280ef78,0x00000000c3f80000)
 Metaspace       used 27088K, capacity 27320K, committed 27648K, reserved 1073152K
  class space    used 3237K, capacity 3312K, committed 3328K, reserved 1048576K
Event: 17,500 GC heap after
Heap after GC invocations=10 (full 1):
 PSYoungGen      total 260608K, used 7161K [0x00000000eb580000, 0x0000000100000000, 0x0000000100000000)
  eden space 253440K, 0% used [0x00000000eb580000,0x00000000eb580000,0x00000000fad00000)
  from space 7168K, 99% used [0x00000000fad00000,0x00000000fb3fe418,0x00000000fb400000)
  to   space 9728K, 0% used [0x00000000ff680000,0x00000000ff680000,0x0000000100000000)
 ParOldGen       total 32256K, used 11688K [0x00000000c2000000, 0x00000000c3f80000, 0x00000000eb580000)
  object space 32256K, 36% used [0x00000000c2000000,0x00000000c2b6a3d8,0x00000000c3f80000)
 Metaspace       used 27088K, capacity 27320K, committed 27648K, reserved 1073152K
  class space    used 3237K, capacity 3312K, committed 3328K, reserved 1048576K
}
Event: 19,781 GC heap before
{Heap before GC invocations=11 (full 1):
 PSYoungGen      total 260608K, used 260601K [0x00000000eb580000, 0x0000000100000000, 0x0000000100000000)
  eden space 253440K, 100% used [0x00000000eb580000,0x00000000fad00000,0x00000000fad00000)
  from space 7168K, 99% used [0x00000000fad00000,0x00000000fb3fe418,0x00000000fb400000)
  to   space 9728K, 0% used [0x00000000ff680000,0x00000000ff680000,0x0000000100000000)
 ParOldGen       total 32256K, used 11688K [0x00000000c2000000, 0x00000000c3f80000, 0x00000000eb580000)
  object space 32256K, 36% used [0x00000000c2000000,0x00000000c2b6a3d8,0x00000000c3f80000)
 Metaspace       used 27263K, capacity 27544K, committed 27776K, reserved 1073152K
  class space    used 3255K, capacity 3344K, committed 3456K, reserved 1048576K
Event: 19,888 GC heap after
Heap after GC invocations=11 (full 1):
 PSYoungGen      total 312320K, used 9716K [0x00000000eb580000, 0x0000000100000000, 0x0000000100000000)
  eden space 302592K, 0% used [0x00000000eb580000,0x00000000eb580000,0x00000000fdd00000)
  from space 9728K, 99% used [0x00000000ff680000,0x00000000ffffd030,0x0000000100000000)
  to   space 17920K, 0% used [0x00000000fdd00000,0x00000000fdd00000,0x00000000fee80000)
 ParOldGen       total 32256K, used 30446K [0x00000000c2000000, 0x00000000c3f80000, 0x00000000eb580000)
  object space 32256K, 94% used [0x00000000c2000000,0x00000000c3dbba60,0x00000000c3f80000)
 Metaspace       used 27263K, capacity 27544K, committed 27776K, reserved 1073152K
  class space    used 3255K, capacity 3344K, committed 3456K, reserved 1048576K
}
Event: 19,888 GC heap before
{Heap before GC invocations=12 (full 2):
 PSYoungGen      total 312320K, used 9716K [0x00000000eb580000, 0x0000000100000000, 0x0000000100000000)
  eden space 302592K, 0% used [0x00000000eb580000,0x00000000eb580000,0x00000000fdd00000)
  from space 9728K, 99% used [0x00000000ff680000,0x00000000ffffd030,0x0000000100000000)
  to   space 17920K, 0% used [0x00000000fdd00000,0x00000000fdd00000,0x00000000fee80000)
 ParOldGen       total 32256K, used 30446K [0x00000000c2000000, 0x00000000c3f80000, 0x00000000eb580000)
  object space 32256K, 94% used [0x00000000c2000000,0x00000000c3dbba60,0x00000000c3f80000)
 Metaspace       used 27263K, capacity 27544K, committed 27776K, reserved 1073152K
  class space    used 3255K, capacity 3344K, committed 3456K, reserved 1048576K

