# JRE version: OpenJDK Runtime Environment (8.0_102-b14) (build 1.8.0_102-8u102-b14.1-1~bpo8+1-b14)
# Java VM: OpenJDK 64-Bit Server VM (25.102-b14 mixed mode linux-amd64 compressed oops)
Heap:
 PSYoungGen      total 252928K, used 17391K [0x00000000e6d80000, 0x00000000fa000000, 0x0000000100000000)
  eden space 235520K, 0% used [0x00000000e6d80000,0x00000000e6d80000,0x00000000f5380000)
  from space 17408K, 99% used [0x00000000f5380000,0x00000000f647bf20,0x00000000f6480000)
  to   space 11264K, 0% used [0x00000000f6480000,0x00000000f6480000,0x00000000f6f80000)
 ParOldGen       total 47104K, used 46632K [0x00000000b4800000, 0x00000000b7600000, 0x00000000e6d80000)
  object space 47104K, 98% used [0x00000000b4800000,0x00000000b758a188,0x00000000b7600000)
 Metaspace       used 31761K, capacity 32100K, committed 32512K, reserved 1077248K
  class space    used 3931K, capacity 4050K, committed 4096K, reserved 1048576K
GC Heap History (10 events):
Event: 15,612 GC heap after
Heap after GC invocations=11 (full 0):
 PSYoungGen      total 130560K, used 4555K [0x00000000e6d80000, 0x00000000f3d00000, 0x0000000100000000)
  eden space 124928K, 0% used [0x00000000e6d80000,0x00000000e6d80000,0x00000000ee780000)
  from space 5632K, 80% used [0x00000000ee780000,0x00000000eebf2ea0,0x00000000eed00000)
  to   space 6144K, 0% used [0x00000000f3700000,0x00000000f3700000,0x00000000f3d00000)
 ParOldGen       total 52224K, used 6086K [0x00000000b4800000, 0x00000000b7b00000, 0x00000000e6d80000)
  object space 52224K, 11% used [0x00000000b4800000,0x00000000b4df19e0,0x00000000b7b00000)
 Metaspace       used 20866K, capacity 21094K, committed 21296K, reserved 1069056K
  class space    used 2561K, capacity 2669K, committed 2688K, reserved 1048576K
}
Event: 15,612 GC heap before
{Heap before GC invocations=12 (full 1):
 PSYoungGen      total 130560K, used 4555K [0x00000000e6d80000, 0x00000000f3d00000, 0x0000000100000000)
  eden space 124928K, 0% used [0x00000000e6d80000,0x00000000e6d80000,0x00000000ee780000)
  from space 5632K, 80% used [0x00000000ee780000,0x00000000eebf2ea0,0x00000000eed00000)
  to   space 6144K, 0% used [0x00000000f3700000,0x00000000f3700000,0x00000000f3d00000)
 ParOldGen       total 52224K, used 6086K [0x00000000b4800000, 0x00000000b7b00000, 0x00000000e6d80000)
  object space 52224K, 11% used [0x00000000b4800000,0x00000000b4df19e0,0x00000000b7b00000)
 Metaspace       used 20866K, capacity 21094K, committed 21296K, reserved 1069056K
  class space    used 2561K, capacity 2669K, committed 2688K, reserved 1048576K
Event: 15,839 GC heap after
Heap after GC invocations=12 (full 1):
 PSYoungGen      total 130560K, used 0K [0x00000000e6d80000, 0x00000000f3d00000, 0x0000000100000000)
  eden space 124928K, 0% used [0x00000000e6d80000,0x00000000e6d80000,0x00000000ee780000)
  from space 5632K, 0% used [0x00000000ee780000,0x00000000ee780000,0x00000000eed00000)
  to   space 6144K, 0% used [0x00000000f3700000,0x00000000f3700000,0x00000000f3d00000)
 ParOldGen       total 35840K, used 8174K [0x00000000b4800000, 0x00000000b6b00000, 0x00000000e6d80000)
  object space 35840K, 22% used [0x00000000b4800000,0x00000000b4ffb8d0,0x00000000b6b00000)
 Metaspace       used 20866K, capacity 21094K, committed 21296K, reserved 1069056K
  class space    used 2561K, capacity 2669K, committed 2688K, reserved 1048576K
}
Event: 21,420 GC heap before
{Heap before GC invocations=13 (full 1):
 PSYoungGen      total 130560K, used 124928K [0x00000000e6d80000, 0x00000000f3d00000, 0x0000000100000000)
  eden space 124928K, 100% used [0x00000000e6d80000,0x00000000ee780000,0x00000000ee780000)
  from space 5632K, 0% used [0x00000000ee780000,0x00000000ee780000,0x00000000eed00000)
  to   space 6144K, 0% used [0x00000000f3700000,0x00000000f3700000,0x00000000f3d00000)
 ParOldGen       total 35840K, used 8174K [0x00000000b4800000, 0x00000000b6b00000, 0x00000000e6d80000)
  object space 35840K, 22% used [0x00000000b4800000,0x00000000b4ffb8d0,0x00000000b6b00000)
 Metaspace       used 26444K, capacity 26680K, committed 26880K, reserved 1073152K
  class space    used 3163K, capacity 3248K, committed 3328K, reserved 1048576K
Event: 21,480 GC heap after
Heap after GC invocations=13 (full 1):
 PSYoungGen      total 180224K, used 6136K [0x00000000e6d80000, 0x00000000f3d00000, 0x0000000100000000)
  eden space 174080K, 0% used [0x00000000e6d80000,0x00000000e6d80000,0x00000000f1780000)
  from space 6144K, 99% used [0x00000000f3700000,0x00000000f3cfe230,0x00000000f3d00000)
  to   space 7680K, 0% used [0x00000000f2e00000,0x00000000f2e00000,0x00000000f3580000)
 ParOldGen       total 35840K, used 9083K [0x00000000b4800000, 0x00000000b6b00000, 0x00000000e6d80000)
  object space 35840K, 25% used [0x00000000b4800000,0x00000000b50defd8,0x00000000b6b00000)
 Metaspace       used 26444K, capacity 26680K, committed 26880K, reserved 1073152K
  class space    used 3163K, capacity 3248K, committed 3328K, reserved 1048576K
}
Event: 25,334 GC heap before
{Heap before GC invocations=14 (full 1):
 PSYoungGen      total 180224K, used 180216K [0x00000000e6d80000, 0x00000000f3d00000, 0x0000000100000000)
  eden space 174080K, 100% used [0x00000000e6d80000,0x00000000f1780000,0x00000000f1780000)
  from space 6144K, 99% used [0x00000000f3700000,0x00000000f3cfe230,0x00000000f3d00000)
  to   space 7680K, 0% used [0x00000000f2e00000,0x00000000f2e00000,0x00000000f3580000)
 ParOldGen       total 35840K, used 9083K [0x00000000b4800000, 0x00000000b6b00000, 0x00000000e6d80000)
  object space 35840K, 25% used [0x00000000b4800000,0x00000000b50defd8,0x00000000b6b00000)
 Metaspace       used 27160K, capacity 27448K, committed 27648K, reserved 1073152K
  class space    used 3236K, capacity 3312K, committed 3328K, reserved 1048576K
Event: 25,439 GC heap after
Heap after GC invocations=14 (full 1):
 PSYoungGen      total 204800K, used 7648K [0x00000000e6d80000, 0x00000000f6f80000, 0x0000000100000000)
  eden space 197120K, 0% used [0x00000000e6d80000,0x00000000e6d80000,0x00000000f2e00000)
  from space 7680K, 99% used [0x00000000f2e00000,0x00000000f3578020,0x00000000f3580000)
  to   space 11264K, 0% used [0x00000000f6480000,0x00000000f6480000,0x00000000f6f80000)
 ParOldGen       total 35840K, used 15019K [0x00000000b4800000, 0x00000000b6b00000, 0x00000000e6d80000)
  object space 35840K, 41% used [0x00000000b4800000,0x00000000b56aac48,0x00000000b6b00000)
 Metaspace       used 27160K, capacity 27448K, committed 27648K, reserved 1073152K
  class space    used 3236K, capacity 3312K, committed 3328K, reserved 1048576K
}
Event: 28,133 GC heap before
{Heap before GC invocations=15 (full 1):
 PSYoungGen      total 204800K, used 204768K [0x00000000e6d80000, 0x00000000f6f80000, 0x0000000100000000)
  eden space 197120K, 100% used [0x00000000e6d80000,0x00000000f2e00000,0x00000000f2e00000)
  from space 7680K, 99% used [0x00000000f2e00000,0x00000000f3578020,0x00000000f3580000)
  to   space 11264K, 0% used [0x00000000f6480000,0x00000000f6480000,0x00000000f6f80000)
 ParOldGen       total 35840K, used 15019K [0x00000000b4800000, 0x00000000b6b00000, 0x00000000e6d80000)
  object space 35840K, 41% used [0x00000000b4800000,0x00000000b56aac48,0x00000000b6b00000)
 Metaspace       used 27287K, capacity 27544K, committed 27776K, reserved 1073152K
  class space    used 3250K, capacity 3344K, committed 3456K, reserved 1048576K
Event: 28,270 GC heap after
Heap after GC invocations=15 (full 1):
 PSYoungGen      total 246784K, used 11264K [0x00000000e6d80000, 0x00000000fa000000, 0x0000000100000000)
  eden space 235520K, 0% used [0x00000000e6d80000,0x00000000e6d80000,0x00000000f5380000)
  from space 11264K, 100% used [0x00000000f6480000,0x00000000f6f80000,0x00000000f6f80000)
  to   space 17408K, 0% used [0x00000000f5380000,0x00000000f5380000,0x00000000f6480000)
 ParOldGen       total 35840K, used 26625K [0x00000000b4800000, 0x00000000b6b00000, 0x00000000e6d80000)
  object space 35840K, 74% used [0x00000000b4800000,0x00000000b6200768,0x00000000b6b00000)
 Metaspace       used 27287K, capacity 27544K, committed 27776K, reserved 1073152K
  class space    used 3250K, capacity 3344K, committed 3456K, reserved 1048576K
}
Event: 34,152 GC heap before
{Heap before GC invocations=16 (full 1):
 PSYoungGen      total 246784K, used 246784K [0x00000000e6d80000, 0x00000000fa000000, 0x0000000100000000)
  eden space 235520K, 100% used [0x00000000e6d80000,0x00000000f5380000,0x00000000f5380000)
  from space 11264K, 100% used [0x00000000f6480000,0x00000000f6f80000,0x00000000f6f80000)
  to   space 17408K, 0% used [0x00000000f5380000,0x00000000f5380000,0x00000000f6480000)
 ParOldGen       total 35840K, used 26625K [0x00000000b4800000, 0x00000000b6b00000, 0x00000000e6d80000)
  object space 35840K, 74% used [0x00000000b4800000,0x00000000b6200768,0x00000000b6b00000)
 Metaspace       used 31761K, capacity 32100K, committed 32512K, reserved 1077248K
  class space    used 3931K, capacity 4050K, committed 4096K, reserved 1048576K

