# JRE version: OpenJDK Runtime Environment (8.0_102-b14) (build 1.8.0_102-8u102-b14.1-1~bpo8+1-b14)
# Java VM: OpenJDK 64-Bit Server VM (25.102-b14 mixed mode linux-amd64 compressed oops)
Heap:
 PSYoungGen      total 260608K, used 7149K [0x00000000eb580000, 0x00000000fbb80000, 0x0000000100000000)
  eden space 253440K, 0% used [0x00000000eb580000,0x00000000eb580000,0x00000000fad00000)
  from space 7168K, 99% used [0x00000000fad00000,0x00000000fb3fb428,0x00000000fb400000)
  to   space 6656K, 0% used [0x00000000fb400000,0x00000000fb400000,0x00000000fba80000)
 ParOldGen       total 34304K, used 12328K [0x00000000c2000000, 0x00000000c4180000, 0x00000000eb580000)
  object space 34304K, 35% used [0x00000000c2000000,0x00000000c2c0a138,0x00000000c4180000)
 Metaspace       used 27099K, capacity 27384K, committed 27648K, reserved 1073152K
  class space    used 3233K, capacity 3312K, committed 3328K, reserved 1048576K
GC Heap History (10 events):
Event: 5,164 GC heap after
Heap after GC invocations=5 (full 0):
 PSYoungGen      total 66048K, used 2544K [0x00000000eb580000, 0x00000000f3c80000, 0x0000000100000000)
  eden space 63488K, 0% used [0x00000000eb580000,0x00000000eb580000,0x00000000ef380000)
  from space 2560K, 99% used [0x00000000ef380000,0x00000000ef5fc0b0,0x00000000ef600000)
  to   space 5632K, 0% used [0x00000000f3700000,0x00000000f3700000,0x00000000f3c80000)
 ParOldGen       total 42496K, used 3974K [0x00000000c2000000, 0x00000000c4980000, 0x00000000eb580000)
  object space 42496K, 9% used [0x00000000c2000000,0x00000000c23e1a38,0x00000000c4980000)
 Metaspace       used 12898K, capacity 13116K, committed 13440K, reserved 1060864K
  class space    used 1550K, capacity 1594K, committed 1664K, reserved 1048576K
}
Event: 5,569 GC heap before
{Heap before GC invocations=6 (full 0):
 PSYoungGen      total 66048K, used 66032K [0x00000000eb580000, 0x00000000f3c80000, 0x0000000100000000)
  eden space 63488K, 100% used [0x00000000eb580000,0x00000000ef380000,0x00000000ef380000)
  from space 2560K, 99% used [0x00000000ef380000,0x00000000ef5fc0b0,0x00000000ef600000)
  to   space 5632K, 0% used [0x00000000f3700000,0x00000000f3700000,0x00000000f3c80000)
 ParOldGen       total 42496K, used 3974K [0x00000000c2000000, 0x00000000c4980000, 0x00000000eb580000)
  object space 42496K, 9% used [0x00000000c2000000,0x00000000c23e1a38,0x00000000c4980000)
 Metaspace       used 12900K, capacity 13116K, committed 13440K, reserved 1060864K
  class space    used 1550K, capacity 1594K, committed 1664K, reserved 1048576K
Event: 5,583 GC heap after
Heap after GC invocations=6 (full 0):
 PSYoungGen      total 131584K, used 2560K [0x00000000eb580000, 0x00000000f3b80000, 0x0000000100000000)
  eden space 126976K, 0% used [0x00000000eb580000,0x00000000eb580000,0x00000000f3180000)
  from space 4608K, 55% used [0x00000000f3700000,0x00000000f39800c0,0x00000000f3b80000)
  to   space 5120K, 0% used [0x00000000f3180000,0x00000000f3180000,0x00000000f3680000)
 ParOldGen       total 42496K, used 3982K [0x00000000c2000000, 0x00000000c4980000, 0x00000000eb580000)
  object space 42496K, 9% used [0x00000000c2000000,0x00000000c23e3a38,0x00000000c4980000)
 Metaspace       used 12900K, capacity 13116K, committed 13440K, reserved 1060864K
  class space    used 1550K, capacity 1594K, committed 1664K, reserved 1048576K
}
Event: 7,590 GC heap before
{Heap before GC invocations=7 (full 0):
 PSYoungGen      total 131584K, used 129536K [0x00000000eb580000, 0x00000000f3b80000, 0x0000000100000000)
  eden space 126976K, 100% used [0x00000000eb580000,0x00000000f3180000,0x00000000f3180000)
  from space 4608K, 55% used [0x00000000f3700000,0x00000000f39800c0,0x00000000f3b80000)
  to   space 5120K, 0% used [0x00000000f3180000,0x00000000f3180000,0x00000000f3680000)
 ParOldGen       total 42496K, used 3982K [0x00000000c2000000, 0x00000000c4980000, 0x00000000eb580000)
  object space 42496K, 9% used [0x00000000c2000000,0x00000000c23e3a38,0x00000000c4980000)
 Metaspace       used 16244K, capacity 16444K, committed 16640K, reserved 1064960K
  class space    used 1942K, capacity 1978K, committed 2048K, reserved 1048576K
Event: 7,616 GC heap after
Heap after GC invocations=7 (full 0):
 PSYoungGen      total 132096K, used 5093K [0x00000000eb580000, 0x00000000fba80000, 0x0000000100000000)
  eden space 126976K, 0% used [0x00000000eb580000,0x00000000eb580000,0x00000000f3180000)
  from space 5120K, 99% used [0x00000000f3180000,0x00000000f3679538,0x00000000f3680000)
  to   space 6656K, 0% used [0x00000000fb400000,0x00000000fb400000,0x00000000fba80000)
 ParOldGen       total 42496K, used 5187K [0x00000000c2000000, 0x00000000c4980000, 0x00000000eb580000)
  object space 42496K, 12% used [0x00000000c2000000,0x00000000c2510f00,0x00000000c4980000)
 Metaspace       used 16244K, capacity 16444K, committed 16640K, reserved 1064960K
  class space    used 1942K, capacity 1978K, committed 2048K, reserved 1048576K
}
Event: 9,806 GC heap before
{Heap before GC invocations=8 (full 0):
 PSYoungGen      total 132096K, used 38485K [0x00000000eb580000, 0x00000000fba80000, 0x0000000100000000)
  eden space 126976K, 26% used [0x00000000eb580000,0x00000000ed61bee0,0x00000000f3180000)
  from space 5120K, 99% used [0x00000000f3180000,0x00000000f3679538,0x00000000f3680000)
  to   space 6656K, 0% used [0x00000000fb400000,0x00000000fb400000,0x00000000fba80000)
 ParOldGen       total 42496K, used 5187K [0x00000000c2000000, 0x00000000c4980000, 0x00000000eb580000)
  object space 42496K, 12% used [0x00000000c2000000,0x00000000c2510f00,0x00000000c4980000)
 Metaspace       used 20851K, capacity 21094K, committed 21296K, reserved 1069056K
  class space    used 2561K, capacity 2669K, committed 2688K, reserved 1048576K
Event: 9,836 GC heap after
Heap after GC invocations=8 (full 0):
 PSYoungGen      total 260096K, used 5439K [0x00000000eb580000, 0x00000000fbb80000, 0x0000000100000000)
  eden space 253440K, 0% used [0x00000000eb580000,0x00000000eb580000,0x00000000fad00000)
  from space 6656K, 81% used [0x00000000fb400000,0x00000000fb94fcb8,0x00000000fba80000)
  to   space 7168K, 0% used [0x00000000fad00000,0x00000000fad00000,0x00000000fb400000)
 ParOldGen       total 42496K, used 6867K [0x00000000c2000000, 0x00000000c4980000, 0x00000000eb580000)
  object space 42496K, 16% used [0x00000000c2000000,0x00000000c26b4cf0,0x00000000c4980000)
 Metaspace       used 20851K, capacity 21094K, committed 21296K, reserved 1069056K
  class space    used 2561K, capacity 2669K, committed 2688K, reserved 1048576K
}
Event: 9,836 GC heap before
{Heap before GC invocations=9 (full 1):
 PSYoungGen      total 260096K, used 5439K [0x00000000eb580000, 0x00000000fbb80000, 0x0000000100000000)
  eden space 253440K, 0% used [0x00000000eb580000,0x00000000eb580000,0x00000000fad00000)
  from space 6656K, 81% used [0x00000000fb400000,0x00000000fb94fcb8,0x00000000fba80000)
  to   space 7168K, 0% used [0x00000000fad00000,0x00000000fad00000,0x00000000fb400000)
 ParOldGen       total 42496K, used 6867K [0x00000000c2000000, 0x00000000c4980000, 0x00000000eb580000)
  object space 42496K, 16% used [0x00000000c2000000,0x00000000c26b4cf0,0x00000000c4980000)
 Metaspace       used 20851K, capacity 21094K, committed 21296K, reserved 1069056K
  class space    used 2561K, capacity 2669K, committed 2688K, reserved 1048576K
Event: 9,986 GC heap after
Heap after GC invocations=9 (full 1):
 PSYoungGen      total 260096K, used 0K [0x00000000eb580000, 0x00000000fbb80000, 0x0000000100000000)
  eden space 253440K, 0% used [0x00000000eb580000,0x00000000eb580000,0x00000000fad00000)
  from space 6656K, 0% used [0x00000000fb400000,0x00000000fb400000,0x00000000fba80000)
  to   space 7168K, 0% used [0x00000000fad00000,0x00000000fad00000,0x00000000fb400000)
 ParOldGen       total 34304K, used 8726K [0x00000000c2000000, 0x00000000c4180000, 0x00000000eb580000)
  object space 34304K, 25% used [0x00000000c2000000,0x00000000c2885a40,0x00000000c4180000)
 Metaspace       used 20851K, capacity 21094K, committed 21296K, reserved 1069056K
  class space    used 2561K, capacity 2669K, committed 2688K, reserved 1048576K
}
Event: 50,890 GC heap before
{Heap before GC invocations=10 (full 1):
 PSYoungGen      total 260096K, used 253440K [0x00000000eb580000, 0x00000000fbb80000, 0x0000000100000000)
  eden space 253440K, 100% used [0x00000000eb580000,0x00000000fad00000,0x00000000fad00000)
  from space 6656K, 0% used [0x00000000fb400000,0x00000000fb400000,0x00000000fba80000)
  to   space 7168K, 0% used [0x00000000fad00000,0x00000000fad00000,0x00000000fb400000)
 ParOldGen       total 34304K, used 8726K [0x00000000c2000000, 0x00000000c4180000, 0x00000000eb580000)
  object space 34304K, 25% used [0x00000000c2000000,0x00000000c2885a40,0x00000000c4180000)
 Metaspace       used 27099K, capacity 27384K, committed 27648K, reserved 1073152K
  class space    used 3233K, capacity 3312K, committed 3328K, reserved 1048576K

