# JRE version: OpenJDK Runtime Environment (8.0_102-b14) (build 1.8.0_102-8u102-b14.1-1~bpo8+1-b14)
# Java VM: OpenJDK 64-Bit Server VM (25.102-b14 mixed mode linux-amd64 compressed oops)
Heap:
 PSYoungGen      total 203776K, used 9184K [0x00000000e6d80000, 0x00000000f4380000, 0x0000000100000000)
  eden space 194560K, 0% used [0x00000000e6d80000,0x00000000e6d80000,0x00000000f2b80000)
  from space 9216K, 99% used [0x00000000f3a80000,0x00000000f4378020,0x00000000f4380000)
  to   space 8192K, 0% used [0x00000000f2b80000,0x00000000f2b80000,0x00000000f3380000)
 ParOldGen       total 40448K, used 23022K [0x00000000b4800000, 0x00000000b6f80000, 0x00000000e6d80000)
  object space 40448K, 56% used [0x00000000b4800000,0x00000000b5e7b9e0,0x00000000b6f80000)
 Metaspace       used 27286K, capacity 27544K, committed 27776K, reserved 1073152K
  class space    used 3250K, capacity 3344K, committed 3456K, reserved 1048576K
GC Heap History (10 events):
Event: 11,802 GC heap after
Heap after GC invocations=10 (full 0):
 PSYoungGen      total 129024K, used 5606K [0x00000000e6d80000, 0x00000000ef580000, 0x0000000100000000)
  eden space 123392K, 0% used [0x00000000e6d80000,0x00000000e6d80000,0x00000000ee600000)
  from space 5632K, 99% used [0x00000000eed00000,0x00000000ef279b18,0x00000000ef280000)
  to   space 7168K, 0% used [0x00000000ee600000,0x00000000ee600000,0x00000000eed00000)
 ParOldGen       total 52224K, used 6527K [0x00000000b4800000, 0x00000000b7b00000, 0x00000000e6d80000)
  object space 52224K, 12% used [0x00000000b4800000,0x00000000b4e5fc70,0x00000000b7b00000)
 Metaspace       used 19418K, capacity 19718K, committed 19968K, reserved 1067008K
  class space    used 2327K, capacity 2445K, committed 2560K, reserved 1048576K
}
Event: 12,605 GC heap before
{Heap before GC invocations=11 (full 0):
 PSYoungGen      total 129024K, used 20533K [0x00000000e6d80000, 0x00000000ef580000, 0x0000000100000000)
  eden space 123392K, 12% used [0x00000000e6d80000,0x00000000e7c13cc0,0x00000000ee600000)
  from space 5632K, 99% used [0x00000000eed00000,0x00000000ef279b18,0x00000000ef280000)
  to   space 7168K, 0% used [0x00000000ee600000,0x00000000ee600000,0x00000000eed00000)
 ParOldGen       total 52224K, used 6527K [0x00000000b4800000, 0x00000000b7b00000, 0x00000000e6d80000)
  object space 52224K, 12% used [0x00000000b4800000,0x00000000b4e5fc70,0x00000000b7b00000)
 Metaspace       used 20871K, capacity 21094K, committed 21296K, reserved 1069056K
  class space    used 2561K, capacity 2669K, committed 2688K, reserved 1048576K
Event: 12,639 GC heap after
Heap after GC invocations=11 (full 0):
 PSYoungGen      total 130560K, used 1794K [0x00000000e6d80000, 0x00000000f3b80000, 0x0000000100000000)
  eden space 123392K, 0% used [0x00000000e6d80000,0x00000000e6d80000,0x00000000ee600000)
  from space 7168K, 25% used [0x00000000ee600000,0x00000000ee7c0820,0x00000000eed00000)
  to   space 6656K, 0% used [0x00000000f3500000,0x00000000f3500000,0x00000000f3b80000)
 ParOldGen       total 52224K, used 9179K [0x00000000b4800000, 0x00000000b7b00000, 0x00000000e6d80000)
  object space 52224K, 17% used [0x00000000b4800000,0x00000000b50f6d50,0x00000000b7b00000)
 Metaspace       used 20871K, capacity 21094K, committed 21296K, reserved 1069056K
  class space    used 2561K, capacity 2669K, committed 2688K, reserved 1048576K
}
Event: 12,642 GC heap before
{Heap before GC invocations=12 (full 1):
 PSYoungGen      total 130560K, used 1794K [0x00000000e6d80000, 0x00000000f3b80000, 0x0000000100000000)
  eden space 123392K, 0% used [0x00000000e6d80000,0x00000000e6d80000,0x00000000ee600000)
  from space 7168K, 25% used [0x00000000ee600000,0x00000000ee7c0820,0x00000000eed00000)
  to   space 6656K, 0% used [0x00000000f3500000,0x00000000f3500000,0x00000000f3b80000)
 ParOldGen       total 52224K, used 9179K [0x00000000b4800000, 0x00000000b7b00000, 0x00000000e6d80000)
  object space 52224K, 17% used [0x00000000b4800000,0x00000000b50f6d50,0x00000000b7b00000)
 Metaspace       used 20871K, capacity 21094K, committed 21296K, reserved 1069056K
  class space    used 2561K, capacity 2669K, committed 2688K, reserved 1048576K
Event: 12,962 GC heap after
Heap after GC invocations=12 (full 1):
 PSYoungGen      total 130560K, used 0K [0x00000000e6d80000, 0x00000000f3b80000, 0x0000000100000000)
  eden space 123392K, 0% used [0x00000000e6d80000,0x00000000e6d80000,0x00000000ee600000)
  from space 7168K, 0% used [0x00000000ee600000,0x00000000ee600000,0x00000000eed00000)
  to   space 6656K, 0% used [0x00000000f3500000,0x00000000f3500000,0x00000000f3b80000)
 ParOldGen       total 40448K, used 7371K [0x00000000b4800000, 0x00000000b6f80000, 0x00000000e6d80000)
  object space 40448K, 18% used [0x00000000b4800000,0x00000000b4f32ea0,0x00000000b6f80000)
 Metaspace       used 20871K, capacity 21094K, committed 21296K, reserved 1069056K
  class space    used 2561K, capacity 2669K, committed 2688K, reserved 1048576K
}
Event: 17,930 GC heap before
{Heap before GC invocations=13 (full 1):
 PSYoungGen      total 130560K, used 123392K [0x00000000e6d80000, 0x00000000f3b80000, 0x0000000100000000)
  eden space 123392K, 100% used [0x00000000e6d80000,0x00000000ee600000,0x00000000ee600000)
  from space 7168K, 0% used [0x00000000ee600000,0x00000000ee600000,0x00000000eed00000)
  to   space 6656K, 0% used [0x00000000f3500000,0x00000000f3500000,0x00000000f3b80000)
 ParOldGen       total 40448K, used 7371K [0x00000000b4800000, 0x00000000b6f80000, 0x00000000e6d80000)
  object space 40448K, 18% used [0x00000000b4800000,0x00000000b4f32ea0,0x00000000b6f80000)
 Metaspace       used 26402K, capacity 26680K, committed 26880K, reserved 1073152K
  class space    used 3162K, capacity 3248K, committed 3328K, reserved 1048576K
Event: 17,970 GC heap after
Heap after GC invocations=13 (full 1):
 PSYoungGen      total 163840K, used 6646K [0x00000000e6d80000, 0x00000000f3b80000, 0x0000000100000000)
  eden space 157184K, 0% used [0x00000000e6d80000,0x00000000e6d80000,0x00000000f0700000)
  from space 6656K, 99% used [0x00000000f3500000,0x00000000f3b7dab8,0x00000000f3b80000)
  to   space 8192K, 0% used [0x00000000f2b80000,0x00000000f2b80000,0x00000000f3380000)
 ParOldGen       total 40448K, used 7653K [0x00000000b4800000, 0x00000000b6f80000, 0x00000000e6d80000)
  object space 40448K, 18% used [0x00000000b4800000,0x00000000b4f794a0,0x00000000b6f80000)
 Metaspace       used 26402K, capacity 26680K, committed 26880K, reserved 1073152K
  class space    used 3162K, capacity 3248K, committed 3328K, reserved 1048576K
}
Event: 20,749 GC heap before
{Heap before GC invocations=14 (full 1):
 PSYoungGen      total 163840K, used 163830K [0x00000000e6d80000, 0x00000000f3b80000, 0x0000000100000000)
  eden space 157184K, 100% used [0x00000000e6d80000,0x00000000f0700000,0x00000000f0700000)
  from space 6656K, 99% used [0x00000000f3500000,0x00000000f3b7dab8,0x00000000f3b80000)
  to   space 8192K, 0% used [0x00000000f2b80000,0x00000000f2b80000,0x00000000f3380000)
 ParOldGen       total 40448K, used 7653K [0x00000000b4800000, 0x00000000b6f80000, 0x00000000e6d80000)
  object space 40448K, 18% used [0x00000000b4800000,0x00000000b4f794a0,0x00000000b6f80000)
 Metaspace       used 27104K, capacity 27384K, committed 27648K, reserved 1073152K
  class space    used 3233K, capacity 3312K, committed 3328K, reserved 1048576K
Event: 20,817 GC heap after
Heap after GC invocations=14 (full 1):
 PSYoungGen      total 202752K, used 7945K [0x00000000e6d80000, 0x00000000f4380000, 0x0000000100000000)
  eden space 194560K, 0% used [0x00000000e6d80000,0x00000000e6d80000,0x00000000f2b80000)
  from space 8192K, 96% used [0x00000000f2b80000,0x00000000f3342520,0x00000000f3380000)
  to   space 9216K, 0% used [0x00000000f3a80000,0x00000000f3a80000,0x00000000f4380000)
 ParOldGen       total 40448K, used 11111K [0x00000000b4800000, 0x00000000b6f80000, 0x00000000e6d80000)
  object space 40448K, 27% used [0x00000000b4800000,0x00000000b52d9e68,0x00000000b6f80000)
 Metaspace       used 27104K, capacity 27384K, committed 27648K, reserved 1073152K
  class space    used 3233K, capacity 3312K, committed 3328K, reserved 1048576K
}
Event: 23,439 GC heap before
{Heap before GC invocations=15 (full 1):
 PSYoungGen      total 202752K, used 202505K [0x00000000e6d80000, 0x00000000f4380000, 0x0000000100000000)
  eden space 194560K, 100% used [0x00000000e6d80000,0x00000000f2b80000,0x00000000f2b80000)
  from space 8192K, 96% used [0x00000000f2b80000,0x00000000f3342520,0x00000000f3380000)
  to   space 9216K, 0% used [0x00000000f3a80000,0x00000000f3a80000,0x00000000f4380000)
 ParOldGen       total 40448K, used 11111K [0x00000000b4800000, 0x00000000b6f80000, 0x00000000e6d80000)
  object space 40448K, 27% used [0x00000000b4800000,0x00000000b52d9e68,0x00000000b6f80000)
 Metaspace       used 27286K, capacity 27544K, committed 27776K, reserved 1073152K
  class space    used 3250K, capacity 3344K, committed 3456K, reserved 1048576K

