# JRE version: OpenJDK Runtime Environment (8.0_102-b14) (build 1.8.0_102-8u102-b14.1-1~bpo8+1-b14)
# Java VM: OpenJDK 64-Bit Server VM (25.102-b14 mixed mode linux-amd64 compressed oops)
Heap:
 PSYoungGen      total 260608K, used 7149K [0x00000000eb580000, 0x00000000fbb80000, 0x0000000100000000)
  eden space 253440K, 0% used [0x00000000eb580000,0x00000000eb580000,0x00000000fad00000)
  from space 7168K, 99% used [0x00000000fad00000,0x00000000fb3fb428,0x00000000fb400000)
  to   space 6656K, 0% used [0x00000000fb400000,0x00000000fb400000,0x00000000fba80000)
 ParOldGen       total 32256K, used 11778K [0x00000000c2000000, 0x00000000c3f80000, 0x00000000eb580000)
  object space 32256K, 36% used [0x00000000c2000000,0x00000000c2b80b28,0x00000000c3f80000)
 Metaspace       used 27114K, capacity 27384K, committed 27648K, reserved 1073152K
  class space    used 3231K, capacity 3312K, committed 3328K, reserved 1048576K
GC Heap History (10 events):
Event: 5,399 GC heap after
Heap after GC invocations=5 (full 0):
 PSYoungGen      total 66048K, used 2544K [0x00000000eb580000, 0x00000000f3c80000, 0x0000000100000000)
  eden space 63488K, 0% used [0x00000000eb580000,0x00000000eb580000,0x00000000ef380000)
  from space 2560K, 99% used [0x00000000ef380000,0x00000000ef5fc0f0,0x00000000ef600000)
  to   space 5632K, 0% used [0x00000000f3700000,0x00000000f3700000,0x00000000f3c80000)
 ParOldGen       total 42496K, used 3894K [0x00000000c2000000, 0x00000000c4980000, 0x00000000eb580000)
  object space 42496K, 9% used [0x00000000c2000000,0x00000000c23cdbf0,0x00000000c4980000)
 Metaspace       used 12921K, capacity 13116K, committed 13440K, reserved 1060864K
  class space    used 1550K, capacity 1594K, committed 1664K, reserved 1048576K
}
Event: 5,681 GC heap before
{Heap before GC invocations=6 (full 0):
 PSYoungGen      total 66048K, used 66032K [0x00000000eb580000, 0x00000000f3c80000, 0x0000000100000000)
  eden space 63488K, 100% used [0x00000000eb580000,0x00000000ef380000,0x00000000ef380000)
  from space 2560K, 99% used [0x00000000ef380000,0x00000000ef5fc0f0,0x00000000ef600000)
  to   space 5632K, 0% used [0x00000000f3700000,0x00000000f3700000,0x00000000f3c80000)
 ParOldGen       total 42496K, used 3894K [0x00000000c2000000, 0x00000000c4980000, 0x00000000eb580000)
  object space 42496K, 9% used [0x00000000c2000000,0x00000000c23cdbf0,0x00000000c4980000)
 Metaspace       used 12923K, capacity 13180K, committed 13440K, reserved 1060864K
  class space    used 1550K, capacity 1594K, committed 1664K, reserved 1048576K
Event: 5,708 GC heap after
Heap after GC invocations=6 (full 0):
 PSYoungGen      total 131584K, used 2592K [0x00000000eb580000, 0x00000000f3b80000, 0x0000000100000000)
  eden space 126976K, 0% used [0x00000000eb580000,0x00000000eb580000,0x00000000f3180000)
  from space 4608K, 56% used [0x00000000f3700000,0x00000000f39880e0,0x00000000f3b80000)
  to   space 5120K, 0% used [0x00000000f3180000,0x00000000f3180000,0x00000000f3680000)
 ParOldGen       total 42496K, used 3894K [0x00000000c2000000, 0x00000000c4980000, 0x00000000eb580000)
  object space 42496K, 9% used [0x00000000c2000000,0x00000000c23cdbf0,0x00000000c4980000)
 Metaspace       used 12923K, capacity 13180K, committed 13440K, reserved 1060864K
  class space    used 1550K, capacity 1594K, committed 1664K, reserved 1048576K
}
Event: 7,649 GC heap before
{Heap before GC invocations=7 (full 0):
 PSYoungGen      total 131584K, used 129568K [0x00000000eb580000, 0x00000000f3b80000, 0x0000000100000000)
  eden space 126976K, 100% used [0x00000000eb580000,0x00000000f3180000,0x00000000f3180000)
  from space 4608K, 56% used [0x00000000f3700000,0x00000000f39880e0,0x00000000f3b80000)
  to   space 5120K, 0% used [0x00000000f3180000,0x00000000f3180000,0x00000000f3680000)
 ParOldGen       total 42496K, used 3894K [0x00000000c2000000, 0x00000000c4980000, 0x00000000eb580000)
  object space 42496K, 9% used [0x00000000c2000000,0x00000000c23cdbf0,0x00000000c4980000)
 Metaspace       used 16648K, capacity 16896K, committed 17152K, reserved 1064960K
  class space    used 1991K, capacity 2046K, committed 2048K, reserved 1048576K
Event: 7,686 GC heap after
Heap after GC invocations=7 (full 0):
 PSYoungGen      total 132096K, used 5088K [0x00000000eb580000, 0x00000000fba80000, 0x0000000100000000)
  eden space 126976K, 0% used [0x00000000eb580000,0x00000000eb580000,0x00000000f3180000)
  from space 5120K, 99% used [0x00000000f3180000,0x00000000f3678230,0x00000000f3680000)
  to   space 6656K, 0% used [0x00000000fb400000,0x00000000fb400000,0x00000000fba80000)
 ParOldGen       total 42496K, used 5388K [0x00000000c2000000, 0x00000000c4980000, 0x00000000eb580000)
  object space 42496K, 12% used [0x00000000c2000000,0x00000000c2543018,0x00000000c4980000)
 Metaspace       used 16648K, capacity 16896K, committed 17152K, reserved 1064960K
  class space    used 1991K, capacity 2046K, committed 2048K, reserved 1048576K
}
Event: 9,532 GC heap before
{Heap before GC invocations=8 (full 0):
 PSYoungGen      total 132096K, used 35638K [0x00000000eb580000, 0x00000000fba80000, 0x0000000100000000)
  eden space 126976K, 24% used [0x00000000eb580000,0x00000000ed355950,0x00000000f3180000)
  from space 5120K, 99% used [0x00000000f3180000,0x00000000f3678230,0x00000000f3680000)
  to   space 6656K, 0% used [0x00000000fb400000,0x00000000fb400000,0x00000000fba80000)
 ParOldGen       total 42496K, used 5388K [0x00000000c2000000, 0x00000000c4980000, 0x00000000eb580000)
  object space 42496K, 12% used [0x00000000c2000000,0x00000000c2543018,0x00000000c4980000)
 Metaspace       used 20864K, capacity 21094K, committed 21296K, reserved 1069056K
  class space    used 2557K, capacity 2669K, committed 2688K, reserved 1048576K
Event: 9,552 GC heap after
Heap after GC invocations=8 (full 0):
 PSYoungGen      total 260096K, used 5322K [0x00000000eb580000, 0x00000000fbb80000, 0x0000000100000000)
  eden space 253440K, 0% used [0x00000000eb580000,0x00000000eb580000,0x00000000fad00000)
  from space 6656K, 79% used [0x00000000fb400000,0x00000000fb932910,0x00000000fba80000)
  to   space 7168K, 0% used [0x00000000fad00000,0x00000000fad00000,0x00000000fb400000)
 ParOldGen       total 42496K, used 6994K [0x00000000c2000000, 0x00000000c4980000, 0x00000000eb580000)
  object space 42496K, 16% used [0x00000000c2000000,0x00000000c26d4840,0x00000000c4980000)
 Metaspace       used 20864K, capacity 21094K, committed 21296K, reserved 1069056K
  class space    used 2557K, capacity 2669K, committed 2688K, reserved 1048576K
}
Event: 9,552 GC heap before
{Heap before GC invocations=9 (full 1):
 PSYoungGen      total 260096K, used 5322K [0x00000000eb580000, 0x00000000fbb80000, 0x0000000100000000)
  eden space 253440K, 0% used [0x00000000eb580000,0x00000000eb580000,0x00000000fad00000)
  from space 6656K, 79% used [0x00000000fb400000,0x00000000fb932910,0x00000000fba80000)
  to   space 7168K, 0% used [0x00000000fad00000,0x00000000fad00000,0x00000000fb400000)
 ParOldGen       total 42496K, used 6994K [0x00000000c2000000, 0x00000000c4980000, 0x00000000eb580000)
  object space 42496K, 16% used [0x00000000c2000000,0x00000000c26d4840,0x00000000c4980000)
 Metaspace       used 20864K, capacity 21094K, committed 21296K, reserved 1069056K
  class space    used 2557K, capacity 2669K, committed 2688K, reserved 1048576K
Event: 9,667 GC heap after
Heap after GC invocations=9 (full 1):
 PSYoungGen      total 260096K, used 0K [0x00000000eb580000, 0x00000000fbb80000, 0x0000000100000000)
  eden space 253440K, 0% used [0x00000000eb580000,0x00000000eb580000,0x00000000fad00000)
  from space 6656K, 0% used [0x00000000fb400000,0x00000000fb400000,0x00000000fba80000)
  to   space 7168K, 0% used [0x00000000fad00000,0x00000000fad00000,0x00000000fb400000)
 ParOldGen       total 32256K, used 8127K [0x00000000c2000000, 0x00000000c3f80000, 0x00000000eb580000)
  object space 32256K, 25% used [0x00000000c2000000,0x00000000c27eff68,0x00000000c3f80000)
 Metaspace       used 20864K, capacity 21094K, committed 21296K, reserved 1069056K
  class space    used 2557K, capacity 2669K, committed 2688K, reserved 1048576K
}
Event: 15,856 GC heap before
{Heap before GC invocations=10 (full 1):
 PSYoungGen      total 260096K, used 253440K [0x00000000eb580000, 0x00000000fbb80000, 0x0000000100000000)
  eden space 253440K, 100% used [0x00000000eb580000,0x00000000fad00000,0x00000000fad00000)
  from space 6656K, 0% used [0x00000000fb400000,0x00000000fb400000,0x00000000fba80000)
  to   space 7168K, 0% used [0x00000000fad00000,0x00000000fad00000,0x00000000fb400000)
 ParOldGen       total 32256K, used 8127K [0x00000000c2000000, 0x00000000c3f80000, 0x00000000eb580000)
  object space 32256K, 25% used [0x00000000c2000000,0x00000000c27eff68,0x00000000c3f80000)
 Metaspace       used 27114K, capacity 27384K, committed 27648K, reserved 1073152K
  class space    used 3231K, capacity 3312K, committed 3328K, reserved 1048576K

