# JRE version: OpenJDK Runtime Environment (8.0_102-b14) (build 1.8.0_102-8u102-b14.1-1~bpo8+1-b14)
# Java VM: OpenJDK 64-Bit Server VM (25.102-b14 mixed mode linux-amd64 compressed oops)
Heap:
 PSYoungGen      total 235520K, used 10641K [0x00000000eb580000, 0x0000000100000000, 0x0000000100000000)
  eden space 217088K, 0% used [0x00000000eb580000,0x00000000eb580000,0x00000000f8980000)
  from space 18432K, 57% used [0x00000000f8980000,0x00000000f93e4558,0x00000000f9b80000)
  to   space 27648K, 0% used [0x00000000fe500000,0x00000000fe500000,0x0000000100000000)
 ParOldGen       total 45056K, used 44561K [0x00000000c2000000, 0x00000000c4c00000, 0x00000000eb580000)
  object space 45056K, 98% used [0x00000000c2000000,0x00000000c4b84500,0x00000000c4c00000)
 Metaspace       used 30155K, capacity 30462K, committed 30848K, reserved 1077248K
  class space    used 3581K, capacity 3697K, committed 3712K, reserved 1048576K
GC Heap History (10 events):
Event: 8,058 GC heap after
Heap after GC invocations=10 (full 1):
 PSYoungGen      total 132096K, used 0K [0x00000000eb580000, 0x00000000f8b00000, 0x0000000100000000)
  eden space 126976K, 0% used [0x00000000eb580000,0x00000000eb580000,0x00000000f3180000)
  from space 5120K, 0% used [0x00000000f3180000,0x00000000f3180000,0x00000000f3680000)
  to   space 7680K, 0% used [0x00000000f8380000,0x00000000f8380000,0x00000000f8b00000)
 ParOldGen       total 37888K, used 11265K [0x00000000c2000000, 0x00000000c4500000, 0x00000000eb580000)
  object space 37888K, 29% used [0x00000000c2000000,0x00000000c2b004b8,0x00000000c4500000)
 Metaspace       used 20847K, capacity 21094K, committed 21296K, reserved 1069056K
  class space    used 2561K, capacity 2669K, committed 2688K, reserved 1048576K
}
Event: 12,054 GC heap before
{Heap before GC invocations=11 (full 1):
 PSYoungGen      total 132096K, used 126976K [0x00000000eb580000, 0x00000000f8b00000, 0x0000000100000000)
  eden space 126976K, 100% used [0x00000000eb580000,0x00000000f3180000,0x00000000f3180000)
  from space 5120K, 0% used [0x00000000f3180000,0x00000000f3180000,0x00000000f3680000)
  to   space 7680K, 0% used [0x00000000f8380000,0x00000000f8380000,0x00000000f8b00000)
 ParOldGen       total 37888K, used 11265K [0x00000000c2000000, 0x00000000c4500000, 0x00000000eb580000)
  object space 37888K, 29% used [0x00000000c2000000,0x00000000c2b004b8,0x00000000c4500000)
 Metaspace       used 26399K, capacity 26680K, committed 26880K, reserved 1073152K
  class space    used 3163K, capacity 3248K, committed 3328K, reserved 1048576K
Event: 12,076 GC heap after
Heap after GC invocations=11 (full 1):
 PSYoungGen      total 172032K, used 7121K [0x00000000eb580000, 0x00000000f8a80000, 0x0000000100000000)
  eden space 164864K, 0% used [0x00000000eb580000,0x00000000eb580000,0x00000000f5680000)
  from space 7168K, 99% used [0x00000000f8380000,0x00000000f8a745b0,0x00000000f8a80000)
  to   space 8704K, 0% used [0x00000000f7980000,0x00000000f7980000,0x00000000f8200000)
 ParOldGen       total 37888K, used 11273K [0x00000000c2000000, 0x00000000c4500000, 0x00000000eb580000)
  object space 37888K, 29% used [0x00000000c2000000,0x00000000c2b024b8,0x00000000c4500000)
 Metaspace       used 26399K, capacity 26680K, committed 26880K, reserved 1073152K
  class space    used 3163K, capacity 3248K, committed 3328K, reserved 1048576K
}
Event: 13,363 GC heap before
{Heap before GC invocations=12 (full 1):
 PSYoungGen      total 172032K, used 171985K [0x00000000eb580000, 0x00000000f8a80000, 0x0000000100000000)
  eden space 164864K, 100% used [0x00000000eb580000,0x00000000f5680000,0x00000000f5680000)
  from space 7168K, 99% used [0x00000000f8380000,0x00000000f8a745b0,0x00000000f8a80000)
  to   space 8704K, 0% used [0x00000000f7980000,0x00000000f7980000,0x00000000f8200000)
 ParOldGen       total 37888K, used 11273K [0x00000000c2000000, 0x00000000c4500000, 0x00000000eb580000)
  object space 37888K, 29% used [0x00000000c2000000,0x00000000c2b024b8,0x00000000c4500000)
 Metaspace       used 27123K, capacity 27384K, committed 27648K, reserved 1073152K
  class space    used 3235K, capacity 3312K, committed 3328K, reserved 1048576K
Event: 13,465 GC heap after
Heap after GC invocations=12 (full 1):
 PSYoungGen      total 209408K, used 8672K [0x00000000eb580000, 0x00000000fa680000, 0x0000000100000000)
  eden space 200704K, 0% used [0x00000000eb580000,0x00000000eb580000,0x00000000f7980000)
  from space 8704K, 99% used [0x00000000f7980000,0x00000000f81f8050,0x00000000f8200000)
  to   space 11264K, 0% used [0x00000000f9b80000,0x00000000f9b80000,0x00000000fa680000)
 ParOldGen       total 37888K, used 15231K [0x00000000c2000000, 0x00000000c4500000, 0x00000000eb580000)
  object space 37888K, 40% used [0x00000000c2000000,0x00000000c2edff10,0x00000000c4500000)
 Metaspace       used 27123K, capacity 27384K, committed 27648K, reserved 1073152K
  class space    used 3235K, capacity 3312K, committed 3328K, reserved 1048576K
}
Event: 16,127 GC heap before
{Heap before GC invocations=13 (full 1):
 PSYoungGen      total 209408K, used 209376K [0x00000000eb580000, 0x00000000fa680000, 0x0000000100000000)
  eden space 200704K, 100% used [0x00000000eb580000,0x00000000f7980000,0x00000000f7980000)
  from space 8704K, 99% used [0x00000000f7980000,0x00000000f81f8050,0x00000000f8200000)
  to   space 11264K, 0% used [0x00000000f9b80000,0x00000000f9b80000,0x00000000fa680000)
 ParOldGen       total 37888K, used 15231K [0x00000000c2000000, 0x00000000c4500000, 0x00000000eb580000)
  object space 37888K, 40% used [0x00000000c2000000,0x00000000c2edff10,0x00000000c4500000)
 Metaspace       used 27270K, capacity 27544K, committed 27776K, reserved 1073152K
  class space    used 3251K, capacity 3344K, committed 3456K, reserved 1048576K
Event: 16,210 GC heap after
Heap after GC invocations=13 (full 1):
 PSYoungGen      total 228352K, used 11264K [0x00000000eb580000, 0x00000000fe300000, 0x0000000100000000)
  eden space 217088K, 0% used [0x00000000eb580000,0x00000000eb580000,0x00000000f8980000)
  from space 11264K, 100% used [0x00000000f9b80000,0x00000000fa680000,0x00000000fa680000)
  to   space 18432K, 0% used [0x00000000f8980000,0x00000000f8980000,0x00000000f9b80000)
 ParOldGen       total 37888K, used 28596K [0x00000000c2000000, 0x00000000c4500000, 0x00000000eb580000)
  object space 37888K, 75% used [0x00000000c2000000,0x00000000c3bed048,0x00000000c4500000)
 Metaspace       used 27270K, capacity 27544K, committed 27776K, reserved 1073152K
  class space    used 3251K, capacity 3344K, committed 3456K, reserved 1048576K
}
Event: 19,591 GC heap before
{Heap before GC invocations=14 (full 1):
 PSYoungGen      total 228352K, used 228352K [0x00000000eb580000, 0x00000000fe300000, 0x0000000100000000)
  eden space 217088K, 100% used [0x00000000eb580000,0x00000000f8980000,0x00000000f8980000)
  from space 11264K, 100% used [0x00000000f9b80000,0x00000000fa680000,0x00000000fa680000)
  to   space 18432K, 0% used [0x00000000f8980000,0x00000000f8980000,0x00000000f9b80000)
 ParOldGen       total 37888K, used 28596K [0x00000000c2000000, 0x00000000c4500000, 0x00000000eb580000)
  object space 37888K, 75% used [0x00000000c2000000,0x00000000c3bed048,0x00000000c4500000)
 Metaspace       used 30155K, capacity 30462K, committed 30848K, reserved 1077248K
  class space    used 3581K, capacity 3697K, committed 3712K, reserved 1048576K
Event: 19,810 GC heap after
Heap after GC invocations=14 (full 1):
 PSYoungGen      total 235520K, used 18400K [0x00000000eb580000, 0x0000000100000000, 0x0000000100000000)
  eden space 217088K, 0% used [0x00000000eb580000,0x00000000eb580000,0x00000000f8980000)
  from space 18432K, 99% used [0x00000000f8980000,0x00000000f9b78020,0x00000000f9b80000)
  to   space 27648K, 0% used [0x00000000fe500000,0x00000000fe500000,0x0000000100000000)
 ParOldGen       total 45056K, used 44902K [0x00000000c2000000, 0x00000000c4c00000, 0x00000000eb580000)
  object space 45056K, 99% used [0x00000000c2000000,0x00000000c4bd9b90,0x00000000c4c00000)
 Metaspace       used 30155K, capacity 30462K, committed 30848K, reserved 1077248K
  class space    used 3581K, capacity 3697K, committed 3712K, reserved 1048576K
}
Event: 19,815 GC heap before
{Heap before GC invocations=15 (full 2):
 PSYoungGen      total 235520K, used 18400K [0x00000000eb580000, 0x0000000100000000, 0x0000000100000000)
  eden space 217088K, 0% used [0x00000000eb580000,0x00000000eb580000,0x00000000f8980000)
  from space 18432K, 99% used [0x00000000f8980000,0x00000000f9b78020,0x00000000f9b80000)
  to   space 27648K, 0% used [0x00000000fe500000,0x00000000fe500000,0x0000000100000000)
 ParOldGen       total 45056K, used 44902K [0x00000000c2000000, 0x00000000c4c00000, 0x00000000eb580000)
  object space 45056K, 99% used [0x00000000c2000000,0x00000000c4bd9b90,0x00000000c4c00000)
 Metaspace       used 30155K, capacity 30462K, committed 30848K, reserved 1077248K
  class space    used 3581K, capacity 3697K, committed 3712K, reserved 1048576K

