# JRE version: OpenJDK Runtime Environment (8.0_102-b14) (build 1.8.0_102-8u102-b14.1-1~bpo8+1-b14)
# Java VM: OpenJDK 64-Bit Server VM (25.102-b14 mixed mode linux-amd64 compressed oops)
Heap:
 PSYoungGen      total 132096K, used 5112K [0x00000000eb580000, 0x00000000f3b80000, 0x0000000100000000)
  eden space 126976K, 0% used [0x00000000eb580000,0x00000000eb580000,0x00000000f3180000)
  from space 5120K, 99% used [0x00000000f3180000,0x00000000f367e0d0,0x00000000f3680000)
  to   space 5120K, 0% used [0x00000000f3680000,0x00000000f3680000,0x00000000f3b80000)
 ParOldGen       total 42496K, used 8909K [0x00000000c2000000, 0x00000000c4980000, 0x00000000eb580000)
  object space 42496K, 20% used [0x00000000c2000000,0x00000000c28b34c0,0x00000000c4980000)
 Metaspace       used 20873K, capacity 21094K, committed 21296K, reserved 1069056K
  class space    used 2561K, capacity 2669K, committed 2688K, reserved 1048576K
GC Heap History (10 events):
Event: 4,143 GC heap after
Heap after GC invocations=4 (full 0):
 PSYoungGen      total 34304K, used 2544K [0x00000000eb580000, 0x00000000ed980000, 0x0000000100000000)
  eden space 31744K, 0% used [0x00000000eb580000,0x00000000eb580000,0x00000000ed480000)
  from space 2560K, 99% used [0x00000000ed700000,0x00000000ed97c0e0,0x00000000ed980000)
  to   space 2560K, 0% used [0x00000000ed480000,0x00000000ed480000,0x00000000ed700000)
 ParOldGen       total 42496K, used 1338K [0x00000000c2000000, 0x00000000c4980000, 0x00000000eb580000)
  object space 42496K, 3% used [0x00000000c2000000,0x00000000c214ead0,0x00000000c4980000)
 Metaspace       used 11702K, capacity 11900K, committed 12032K, reserved 1060864K
  class space    used 1416K, capacity 1466K, committed 1536K, reserved 1048576K
}
Event: 5,003 GC heap before
{Heap before GC invocations=5 (full 0):
 PSYoungGen      total 34304K, used 34288K [0x00000000eb580000, 0x00000000ed980000, 0x0000000100000000)
  eden space 31744K, 100% used [0x00000000eb580000,0x00000000ed480000,0x00000000ed480000)
  from space 2560K, 99% used [0x00000000ed700000,0x00000000ed97c0e0,0x00000000ed980000)
  to   space 2560K, 0% used [0x00000000ed480000,0x00000000ed480000,0x00000000ed700000)
 ParOldGen       total 42496K, used 1338K [0x00000000c2000000, 0x00000000c4980000, 0x00000000eb580000)
  object space 42496K, 3% used [0x00000000c2000000,0x00000000c214ead0,0x00000000c4980000)
 Metaspace       used 12884K, capacity 13116K, committed 13440K, reserved 1060864K
  class space    used 1551K, capacity 1594K, committed 1664K, reserved 1048576K
Event: 5,025 GC heap after
Heap after GC invocations=5 (full 0):
 PSYoungGen      total 34304K, used 2544K [0x00000000eb580000, 0x00000000efe80000, 0x0000000100000000)
  eden space 31744K, 0% used [0x00000000eb580000,0x00000000eb580000,0x00000000ed480000)
  from space 2560K, 99% used [0x00000000ed480000,0x00000000ed6fc0b0,0x00000000ed700000)
  to   space 5632K, 0% used [0x00000000ef900000,0x00000000ef900000,0x00000000efe80000)
 ParOldGen       total 42496K, used 3037K [0x00000000c2000000, 0x00000000c4980000, 0x00000000eb580000)
  object space 42496K, 7% used [0x00000000c2000000,0x00000000c22f7558,0x00000000c4980000)
 Metaspace       used 12884K, capacity 13116K, committed 13440K, reserved 1060864K
  class space    used 1551K, capacity 1594K, committed 1664K, reserved 1048576K
}
Event: 5,194 GC heap before
{Heap before GC invocations=6 (full 0):
 PSYoungGen      total 34304K, used 34288K [0x00000000eb580000, 0x00000000efe80000, 0x0000000100000000)
  eden space 31744K, 100% used [0x00000000eb580000,0x00000000ed480000,0x00000000ed480000)
  from space 2560K, 99% used [0x00000000ed480000,0x00000000ed6fc0b0,0x00000000ed700000)
  to   space 5632K, 0% used [0x00000000ef900000,0x00000000ef900000,0x00000000efe80000)
 ParOldGen       total 42496K, used 3037K [0x00000000c2000000, 0x00000000c4980000, 0x00000000eb580000)
  object space 42496K, 7% used [0x00000000c2000000,0x00000000c22f7558,0x00000000c4980000)
 Metaspace       used 12907K, capacity 13116K, committed 13440K, reserved 1060864K
  class space    used 1551K, capacity 1594K, committed 1664K, reserved 1048576K
Event: 5,218 GC heap after
Heap after GC invocations=6 (full 0):
 PSYoungGen      total 68096K, used 2608K [0x00000000eb580000, 0x00000000efd80000, 0x0000000100000000)
  eden space 63488K, 0% used [0x00000000eb580000,0x00000000eb580000,0x00000000ef380000)
  from space 4608K, 56% used [0x00000000ef900000,0x00000000efb8c0d0,0x00000000efd80000)
  to   space 5120K, 0% used [0x00000000ef380000,0x00000000ef380000,0x00000000ef880000)
 ParOldGen       total 42496K, used 3045K [0x00000000c2000000, 0x00000000c4980000, 0x00000000eb580000)
  object space 42496K, 7% used [0x00000000c2000000,0x00000000c22f9558,0x00000000c4980000)
 Metaspace       used 12907K, capacity 13116K, committed 13440K, reserved 1060864K
  class space    used 1551K, capacity 1594K, committed 1664K, reserved 1048576K
}
Event: 5,595 GC heap before
{Heap before GC invocations=7 (full 0):
 PSYoungGen      total 68096K, used 66096K [0x00000000eb580000, 0x00000000efd80000, 0x0000000100000000)
  eden space 63488K, 100% used [0x00000000eb580000,0x00000000ef380000,0x00000000ef380000)
  from space 4608K, 56% used [0x00000000ef900000,0x00000000efb8c0d0,0x00000000efd80000)
  to   space 5120K, 0% used [0x00000000ef380000,0x00000000ef380000,0x00000000ef880000)
 ParOldGen       total 42496K, used 3045K [0x00000000c2000000, 0x00000000c4980000, 0x00000000eb580000)
  object space 42496K, 7% used [0x00000000c2000000,0x00000000c22f9558,0x00000000c4980000)
 Metaspace       used 12917K, capacity 13116K, committed 13440K, reserved 1060864K
  class space    used 1551K, capacity 1594K, committed 1664K, reserved 1048576K
Event: 5,609 GC heap after
Heap after GC invocations=7 (full 0):
 PSYoungGen      total 68608K, used 1872K [0x00000000eb580000, 0x00000000f3b80000, 0x0000000100000000)
  eden space 63488K, 0% used [0x00000000eb580000,0x00000000eb580000,0x00000000ef380000)
  from space 5120K, 36% used [0x00000000ef380000,0x00000000ef554010,0x00000000ef880000)
  to   space 5120K, 0% used [0x00000000f3680000,0x00000000f3680000,0x00000000f3b80000)
 ParOldGen       total 42496K, used 3771K [0x00000000c2000000, 0x00000000c4980000, 0x00000000eb580000)
  object space 42496K, 8% used [0x00000000c2000000,0x00000000c23aedf0,0x00000000c4980000)
 Metaspace       used 12917K, capacity 13116K, committed 13440K, reserved 1060864K
  class space    used 1551K, capacity 1594K, committed 1664K, reserved 1048576K
}
Event: 6,044 GC heap before
{Heap before GC invocations=8 (full 0):
 PSYoungGen      total 68608K, used 65360K [0x00000000eb580000, 0x00000000f3b80000, 0x0000000100000000)
  eden space 63488K, 100% used [0x00000000eb580000,0x00000000ef380000,0x00000000ef380000)
  from space 5120K, 36% used [0x00000000ef380000,0x00000000ef554010,0x00000000ef880000)
  to   space 5120K, 0% used [0x00000000f3680000,0x00000000f3680000,0x00000000f3b80000)
 ParOldGen       total 42496K, used 3771K [0x00000000c2000000, 0x00000000c4980000, 0x00000000eb580000)
  object space 42496K, 8% used [0x00000000c2000000,0x00000000c23aedf0,0x00000000c4980000)
 Metaspace       used 12920K, capacity 13116K, committed 13440K, reserved 1060864K
  class space    used 1551K, capacity 1594K, committed 1664K, reserved 1048576K
Event: 6,061 GC heap after
Heap after GC invocations=8 (full 0):
 PSYoungGen      total 132096K, used 992K [0x00000000eb580000, 0x00000000f3b80000, 0x0000000100000000)
  eden space 126976K, 0% used [0x00000000eb580000,0x00000000eb580000,0x00000000f3180000)
  from space 5120K, 19% used [0x00000000f3680000,0x00000000f3778000,0x00000000f3b80000)
  to   space 5120K, 0% used [0x00000000f3180000,0x00000000f3180000,0x00000000f3680000)
 ParOldGen       total 42496K, used 4648K [0x00000000c2000000, 0x00000000c4980000, 0x00000000eb580000)
  object space 42496K, 10% used [0x00000000c2000000,0x00000000c248a3f8,0x00000000c4980000)
 Metaspace       used 12920K, capacity 13116K, committed 13440K, reserved 1060864K
  class space    used 1551K, capacity 1594K, committed 1664K, reserved 1048576K
}
Event: 10,738 GC heap before
{Heap before GC invocations=9 (full 0):
 PSYoungGen      total 132096K, used 127968K [0x00000000eb580000, 0x00000000f3b80000, 0x0000000100000000)
  eden space 126976K, 100% used [0x00000000eb580000,0x00000000f3180000,0x00000000f3180000)
  from space 5120K, 19% used [0x00000000f3680000,0x00000000f3778000,0x00000000f3b80000)
  to   space 5120K, 0% used [0x00000000f3180000,0x00000000f3180000,0x00000000f3680000)
 ParOldGen       total 42496K, used 4648K [0x00000000c2000000, 0x00000000c4980000, 0x00000000eb580000)
  object space 42496K, 10% used [0x00000000c2000000,0x00000000c248a3f8,0x00000000c4980000)
 Metaspace       used 20873K, capacity 21094K, committed 21296K, reserved 1069056K
  class space    used 2561K, capacity 2669K, committed 2688K, reserved 1048576K

