# JRE version: OpenJDK Runtime Environment (8.0_102-b14) (build 1.8.0_102-8u102-b14.1-1~bpo8+1-b14)
# Java VM: OpenJDK 64-Bit Server VM (25.102-b14 mixed mode linux-amd64 compressed oops)
Heap:
 PSYoungGen      total 211456K, used 11776K [0x00000000eb580000, 0x00000000fac00000, 0x0000000100000000)
  eden space 199680K, 0% used [0x00000000eb580000,0x00000000eb580000,0x00000000f7880000)
  from space 11776K, 100% used [0x00000000fa080000,0x00000000fac00000,0x00000000fac00000)
  to   space 8704K, 0% used [0x00000000f7880000,0x00000000f7880000,0x00000000f8100000)
 ParOldGen       total 37888K, used 28142K [0x00000000c2000000, 0x00000000c4500000, 0x00000000eb580000)
  object space 37888K, 74% used [0x00000000c2000000,0x00000000c3b7b9f0,0x00000000c4500000)
 Metaspace       used 27250K, capacity 27544K, committed 27776K, reserved 1073152K
  class space    used 3250K, capacity 3344K, committed 3456K, reserved 1048576K
GC Heap History (10 events):
Event: 5,105 GC heap after
Heap after GC invocations=8 (full 0):
 PSYoungGen      total 131072K, used 832K [0x00000000eb580000, 0x00000000f3b80000, 0x0000000100000000)
  eden space 126464K, 0% used [0x00000000eb580000,0x00000000eb580000,0x00000000f3100000)
  from space 4608K, 18% used [0x00000000f3600000,0x00000000f36d0000,0x00000000f3a80000)
  to   space 5120K, 0% used [0x00000000f3100000,0x00000000f3100000,0x00000000f3600000)
 ParOldGen       total 42496K, used 4830K [0x00000000c2000000, 0x00000000c4980000, 0x00000000eb580000)
  object space 42496K, 11% used [0x00000000c2000000,0x00000000c24b7b68,0x00000000c4980000)
 Metaspace       used 12900K, capacity 13116K, committed 13440K, reserved 1060864K
  class space    used 1550K, capacity 1594K, committed 1664K, reserved 1048576K
}
Event: 8,908 GC heap before
{Heap before GC invocations=9 (full 0):
 PSYoungGen      total 131072K, used 127201K [0x00000000eb580000, 0x00000000f3b80000, 0x0000000100000000)
  eden space 126464K, 99% used [0x00000000eb580000,0x00000000f30e8668,0x00000000f3100000)
  from space 4608K, 18% used [0x00000000f3600000,0x00000000f36d0000,0x00000000f3a80000)
  to   space 5120K, 0% used [0x00000000f3100000,0x00000000f3100000,0x00000000f3600000)
 ParOldGen       total 42496K, used 4830K [0x00000000c2000000, 0x00000000c4980000, 0x00000000eb580000)
  object space 42496K, 11% used [0x00000000c2000000,0x00000000c24b7b68,0x00000000c4980000)
 Metaspace       used 20836K, capacity 21094K, committed 21296K, reserved 1069056K
  class space    used 2561K, capacity 2669K, committed 2688K, reserved 1048576K
Event: 8,947 GC heap after
Heap after GC invocations=9 (full 0):
 PSYoungGen      total 131584K, used 5096K [0x00000000eb580000, 0x00000000f8980000, 0x0000000100000000)
  eden space 126464K, 0% used [0x00000000eb580000,0x00000000eb580000,0x00000000f3100000)
  from space 5120K, 99% used [0x00000000f3100000,0x00000000f35fa0c0,0x00000000f3600000)
  to   space 7168K, 0% used [0x00000000f8280000,0x00000000f8280000,0x00000000f8980000)
 ParOldGen       total 42496K, used 8905K [0x00000000c2000000, 0x00000000c4980000, 0x00000000eb580000)
  object space 42496K, 20% used [0x00000000c2000000,0x00000000c28b2598,0x00000000c4980000)
 Metaspace       used 20836K, capacity 21094K, committed 21296K, reserved 1069056K
  class space    used 2561K, capacity 2669K, committed 2688K, reserved 1048576K
}
Event: 8,947 GC heap before
{Heap before GC invocations=10 (full 1):
 PSYoungGen      total 131584K, used 5096K [0x00000000eb580000, 0x00000000f8980000, 0x0000000100000000)
  eden space 126464K, 0% used [0x00000000eb580000,0x00000000eb580000,0x00000000f3100000)
  from space 5120K, 99% used [0x00000000f3100000,0x00000000f35fa0c0,0x00000000f3600000)
  to   space 7168K, 0% used [0x00000000f8280000,0x00000000f8280000,0x00000000f8980000)
 ParOldGen       total 42496K, used 8905K [0x00000000c2000000, 0x00000000c4980000, 0x00000000eb580000)
  object space 42496K, 20% used [0x00000000c2000000,0x00000000c28b2598,0x00000000c4980000)
 Metaspace       used 20836K, capacity 21094K, committed 21296K, reserved 1069056K
  class space    used 2561K, capacity 2669K, committed 2688K, reserved 1048576K
Event: 9,114 GC heap after
Heap after GC invocations=10 (full 1):
 PSYoungGen      total 131584K, used 0K [0x00000000eb580000, 0x00000000f8980000, 0x0000000100000000)
  eden space 126464K, 0% used [0x00000000eb580000,0x00000000eb580000,0x00000000f3100000)
  from space 5120K, 0% used [0x00000000f3100000,0x00000000f3100000,0x00000000f3600000)
  to   space 7168K, 0% used [0x00000000f8280000,0x00000000f8280000,0x00000000f8980000)
 ParOldGen       total 37888K, used 12067K [0x00000000c2000000, 0x00000000c4500000, 0x00000000eb580000)
  object space 37888K, 31% used [0x00000000c2000000,0x00000000c2bc8eb0,0x00000000c4500000)
 Metaspace       used 20836K, capacity 21094K, committed 21296K, reserved 1069056K
  class space    used 2561K, capacity 2669K, committed 2688K, reserved 1048576K
}
Event: 13,157 GC heap before
{Heap before GC invocations=11 (full 1):
 PSYoungGen      total 131584K, used 126464K [0x00000000eb580000, 0x00000000f8980000, 0x0000000100000000)
  eden space 126464K, 100% used [0x00000000eb580000,0x00000000f3100000,0x00000000f3100000)
  from space 5120K, 0% used [0x00000000f3100000,0x00000000f3100000,0x00000000f3600000)
  to   space 7168K, 0% used [0x00000000f8280000,0x00000000f8280000,0x00000000f8980000)
 ParOldGen       total 37888K, used 12067K [0x00000000c2000000, 0x00000000c4500000, 0x00000000eb580000)
  object space 37888K, 31% used [0x00000000c2000000,0x00000000c2bc8eb0,0x00000000c4500000)
 Metaspace       used 26358K, capacity 26616K, committed 26880K, reserved 1073152K
  class space    used 3163K, capacity 3248K, committed 3328K, reserved 1048576K
Event: 13,182 GC heap after
Heap after GC invocations=11 (full 1):
 PSYoungGen      total 176128K, used 7130K [0x00000000eb580000, 0x00000000f8980000, 0x0000000100000000)
  eden space 168960K, 0% used [0x00000000eb580000,0x00000000eb580000,0x00000000f5a80000)
  from space 7168K, 99% used [0x00000000f8280000,0x00000000f89768c0,0x00000000f8980000)
  to   space 8704K, 0% used [0x00000000f7880000,0x00000000f7880000,0x00000000f8100000)
 ParOldGen       total 37888K, used 12075K [0x00000000c2000000, 0x00000000c4500000, 0x00000000eb580000)
  object space 37888K, 31% used [0x00000000c2000000,0x00000000c2bcaeb0,0x00000000c4500000)
 Metaspace       used 26358K, capacity 26616K, committed 26880K, reserved 1073152K
  class space    used 3163K, capacity 3248K, committed 3328K, reserved 1048576K
}
Event: 15,190 GC heap before
{Heap before GC invocations=12 (full 1):
 PSYoungGen      total 176128K, used 176090K [0x00000000eb580000, 0x00000000f8980000, 0x0000000100000000)
  eden space 168960K, 100% used [0x00000000eb580000,0x00000000f5a80000,0x00000000f5a80000)
  from space 7168K, 99% used [0x00000000f8280000,0x00000000f89768c0,0x00000000f8980000)
  to   space 8704K, 0% used [0x00000000f7880000,0x00000000f7880000,0x00000000f8100000)
 ParOldGen       total 37888K, used 12075K [0x00000000c2000000, 0x00000000c4500000, 0x00000000eb580000)
  object space 37888K, 31% used [0x00000000c2000000,0x00000000c2bcaeb0,0x00000000c4500000)
 Metaspace       used 27133K, capacity 27384K, committed 27648K, reserved 1073152K
  class space    used 3236K, capacity 3312K, committed 3328K, reserved 1048576K
Event: 15,267 GC heap after
Heap after GC invocations=12 (full 1):
 PSYoungGen      total 208384K, used 8672K [0x00000000eb580000, 0x00000000fac00000, 0x0000000100000000)
  eden space 199680K, 0% used [0x00000000eb580000,0x00000000eb580000,0x00000000f7880000)
  from space 8704K, 99% used [0x00000000f7880000,0x00000000f80f8020,0x00000000f8100000)
  to   space 11776K, 0% used [0x00000000fa080000,0x00000000fa080000,0x00000000fac00000)
 ParOldGen       total 37888K, used 16396K [0x00000000c2000000, 0x00000000c4500000, 0x00000000eb580000)
  object space 37888K, 43% used [0x00000000c2000000,0x00000000c3003058,0x00000000c4500000)
 Metaspace       used 27133K, capacity 27384K, committed 27648K, reserved 1073152K
  class space    used 3236K, capacity 3312K, committed 3328K, reserved 1048576K
}
Event: 17,591 GC heap before
{Heap before GC invocations=13 (full 1):
 PSYoungGen      total 208384K, used 208352K [0x00000000eb580000, 0x00000000fac00000, 0x0000000100000000)
  eden space 199680K, 100% used [0x00000000eb580000,0x00000000f7880000,0x00000000f7880000)
  from space 8704K, 99% used [0x00000000f7880000,0x00000000f80f8020,0x00000000f8100000)
  to   space 11776K, 0% used [0x00000000fa080000,0x00000000fa080000,0x00000000fac00000)
 ParOldGen       total 37888K, used 16396K [0x00000000c2000000, 0x00000000c4500000, 0x00000000eb580000)
  object space 37888K, 43% used [0x00000000c2000000,0x00000000c3003058,0x00000000c4500000)
 Metaspace       used 27250K, capacity 27544K, committed 27776K, reserved 1073152K
  class space    used 3250K, capacity 3344K, committed 3456K, reserved 1048576K

