# JRE version: OpenJDK Runtime Environment (8.0_102-b14) (build 1.8.0_102-8u102-b14.1-1~bpo8+1-b14)
# Java VM: OpenJDK 64-Bit Server VM (25.102-b14 mixed mode linux-amd64 compressed oops)
Heap:
 PSYoungGen      total 292352K, used 2528K [0x00000000e6d80000, 0x00000000fa700000, 0x0000000100000000)
  eden space 289792K, 0% used [0x00000000e6d80000,0x00000000e6d80000,0x00000000f8880000)
  from space 2560K, 98% used [0x00000000fa480000,0x00000000fa6f8020,0x00000000fa700000)
  to   space 10240K, 0% used [0x00000000f9a80000,0x00000000f9a80000,0x00000000fa480000)
 ParOldGen       total 56832K, used 56481K [0x00000000b4800000, 0x00000000b7f80000, 0x00000000e6d80000)
  object space 56832K, 99% used [0x00000000b4800000,0x00000000b7f28690,0x00000000b7f80000)
 Metaspace       used 27490K, capacity 27768K, committed 28032K, reserved 1073152K
  class space    used 3278K, capacity 3376K, committed 3456K, reserved 1048576K
GC Heap History (10 events):
Event: 4,372 GC heap after
Heap after GC invocations=6 (full 0):
 PSYoungGen      total 160256K, used 3088K [0x00000000e6d80000, 0x00000000f0f80000, 0x0000000100000000)
  eden space 155648K, 0% used [0x00000000e6d80000,0x00000000e6d80000,0x00000000f0580000)
  from space 4608K, 67% used [0x00000000f0b00000,0x00000000f0e040d0,0x00000000f0f80000)
  to   space 5120K, 0% used [0x00000000f0580000,0x00000000f0580000,0x00000000f0a80000)
 ParOldGen       total 52224K, used 3316K [0x00000000b4800000, 0x00000000b7b00000, 0x00000000e6d80000)
  object space 52224K, 6% used [0x00000000b4800000,0x00000000b4b3d1a8,0x00000000b7b00000)
 Metaspace       used 12894K, capacity 13116K, committed 13440K, reserved 1060864K
  class space    used 1550K, capacity 1594K, committed 1664K, reserved 1048576K
}
Event: 7,790 GC heap before
{Heap before GC invocations=7 (full 0):
 PSYoungGen      total 160256K, used 115264K [0x00000000e6d80000, 0x00000000f0f80000, 0x0000000100000000)
  eden space 155648K, 72% used [0x00000000e6d80000,0x00000000edb0c320,0x00000000f0580000)
  from space 4608K, 67% used [0x00000000f0b00000,0x00000000f0e040d0,0x00000000f0f80000)
  to   space 5120K, 0% used [0x00000000f0580000,0x00000000f0580000,0x00000000f0a80000)
 ParOldGen       total 52224K, used 3316K [0x00000000b4800000, 0x00000000b7b00000, 0x00000000e6d80000)
  object space 52224K, 6% used [0x00000000b4800000,0x00000000b4b3d1a8,0x00000000b7b00000)
 Metaspace       used 20827K, capacity 21094K, committed 21296K, reserved 1069056K
  class space    used 2561K, capacity 2669K, committed 2688K, reserved 1048576K
Event: 7,843 GC heap after
Heap after GC invocations=7 (full 0):
 PSYoungGen      total 160768K, used 5088K [0x00000000e6d80000, 0x00000000faf80000, 0x0000000100000000)
  eden space 155648K, 0% used [0x00000000e6d80000,0x00000000e6d80000,0x00000000f0580000)
  from space 5120K, 99% used [0x00000000f0580000,0x00000000f0a78020,0x00000000f0a80000)
  to   space 9216K, 0% used [0x00000000fa680000,0x00000000fa680000,0x00000000faf80000)
 ParOldGen       total 52224K, used 9553K [0x00000000b4800000, 0x00000000b7b00000, 0x00000000e6d80000)
  object space 52224K, 18% used [0x00000000b4800000,0x00000000b5154678,0x00000000b7b00000)
 Metaspace       used 20827K, capacity 21094K, committed 21296K, reserved 1069056K
  class space    used 2561K, capacity 2669K, committed 2688K, reserved 1048576K
}
Event: 7,843 GC heap before
{Heap before GC invocations=8 (full 1):
 PSYoungGen      total 160768K, used 5088K [0x00000000e6d80000, 0x00000000faf80000, 0x0000000100000000)
  eden space 155648K, 0% used [0x00000000e6d80000,0x00000000e6d80000,0x00000000f0580000)
  from space 5120K, 99% used [0x00000000f0580000,0x00000000f0a78020,0x00000000f0a80000)
  to   space 9216K, 0% used [0x00000000fa680000,0x00000000fa680000,0x00000000faf80000)
 ParOldGen       total 52224K, used 9553K [0x00000000b4800000, 0x00000000b7b00000, 0x00000000e6d80000)
  object space 52224K, 18% used [0x00000000b4800000,0x00000000b5154678,0x00000000b7b00000)
 Metaspace       used 20827K, capacity 21094K, committed 21296K, reserved 1069056K
  class space    used 2561K, capacity 2669K, committed 2688K, reserved 1048576K
Event: 8,035 GC heap after
Heap after GC invocations=8 (full 1):
 PSYoungGen      total 160768K, used 0K [0x00000000e6d80000, 0x00000000faf80000, 0x0000000100000000)
  eden space 155648K, 0% used [0x00000000e6d80000,0x00000000e6d80000,0x00000000f0580000)
  from space 5120K, 0% used [0x00000000f0580000,0x00000000f0580000,0x00000000f0a80000)
  to   space 9216K, 0% used [0x00000000fa680000,0x00000000fa680000,0x00000000faf80000)
 ParOldGen       total 46080K, used 11279K [0x00000000b4800000, 0x00000000b7500000, 0x00000000e6d80000)
  object space 46080K, 24% used [0x00000000b4800000,0x00000000b5303c18,0x00000000b7500000)
 Metaspace       used 20827K, capacity 21094K, committed 21296K, reserved 1069056K
  class space    used 2561K, capacity 2669K, committed 2688K, reserved 1048576K
}
Event: 11,810 GC heap before
{Heap before GC invocations=9 (full 1):
 PSYoungGen      total 160768K, used 155648K [0x00000000e6d80000, 0x00000000faf80000, 0x0000000100000000)
  eden space 155648K, 100% used [0x00000000e6d80000,0x00000000f0580000,0x00000000f0580000)
  from space 5120K, 0% used [0x00000000f0580000,0x00000000f0580000,0x00000000f0a80000)
  to   space 9216K, 0% used [0x00000000fa680000,0x00000000fa680000,0x00000000faf80000)
 ParOldGen       total 46080K, used 11279K [0x00000000b4800000, 0x00000000b7500000, 0x00000000e6d80000)
  object space 46080K, 24% used [0x00000000b4800000,0x00000000b5303c18,0x00000000b7500000)
 Metaspace       used 26496K, capacity 26744K, committed 27136K, reserved 1073152K
  class space    used 3172K, capacity 3248K, committed 3328K, reserved 1048576K
Event: 11,836 GC heap after
Heap after GC invocations=9 (full 1):
 PSYoungGen      total 235008K, used 7975K [0x00000000e6d80000, 0x00000000fae80000, 0x0000000100000000)
  eden space 226816K, 0% used [0x00000000e6d80000,0x00000000e6d80000,0x00000000f4b00000)
  from space 8192K, 97% used [0x00000000fa680000,0x00000000fae49c10,0x00000000fae80000)
  to   space 10240K, 0% used [0x00000000f9a80000,0x00000000f9a80000,0x00000000fa480000)
 ParOldGen       total 46080K, used 11287K [0x00000000b4800000, 0x00000000b7500000, 0x00000000e6d80000)
  object space 46080K, 24% used [0x00000000b4800000,0x00000000b5305c18,0x00000000b7500000)
 Metaspace       used 26496K, capacity 26744K, committed 27136K, reserved 1073152K
  class space    used 3172K, capacity 3248K, committed 3328K, reserved 1048576K
}
Event: 15,182 GC heap before
{Heap before GC invocations=10 (full 1):
 PSYoungGen      total 235008K, used 234791K [0x00000000e6d80000, 0x00000000fae80000, 0x0000000100000000)
  eden space 226816K, 100% used [0x00000000e6d80000,0x00000000f4b00000,0x00000000f4b00000)
  from space 8192K, 97% used [0x00000000fa680000,0x00000000fae49c10,0x00000000fae80000)
  to   space 10240K, 0% used [0x00000000f9a80000,0x00000000f9a80000,0x00000000fa480000)
 ParOldGen       total 46080K, used 11287K [0x00000000b4800000, 0x00000000b7500000, 0x00000000e6d80000)
  object space 46080K, 24% used [0x00000000b4800000,0x00000000b5305c18,0x00000000b7500000)
 Metaspace       used 27199K, capacity 27480K, committed 27776K, reserved 1073152K
  class space    used 3245K, capacity 3344K, committed 3456K, reserved 1048576K
Event: 15,258 GC heap after
Heap after GC invocations=10 (full 1):
 PSYoungGen      total 300032K, used 10228K [0x00000000e6d80000, 0x00000000fa700000, 0x0000000100000000)
  eden space 289792K, 0% used [0x00000000e6d80000,0x00000000e6d80000,0x00000000f8880000)
  from space 10240K, 99% used [0x00000000f9a80000,0x00000000fa47d040,0x00000000fa480000)
  to   space 2560K, 0% used [0x00000000fa480000,0x00000000fa480000,0x00000000fa700000)
 ParOldGen       total 46080K, used 16475K [0x00000000b4800000, 0x00000000b7500000, 0x00000000e6d80000)
  object space 46080K, 35% used [0x00000000b4800000,0x00000000b5816d70,0x00000000b7500000)
 Metaspace       used 27199K, capacity 27480K, committed 27776K, reserved 1073152K
  class space    used 3245K, capacity 3344K, committed 3456K, reserved 1048576K
}
Event: 17,275 GC heap before
{Heap before GC invocations=11 (full 1):
 PSYoungGen      total 300032K, used 300020K [0x00000000e6d80000, 0x00000000fa700000, 0x0000000100000000)
  eden space 289792K, 100% used [0x00000000e6d80000,0x00000000f8880000,0x00000000f8880000)
  from space 10240K, 99% used [0x00000000f9a80000,0x00000000fa47d040,0x00000000fa480000)
  to   space 2560K, 0% used [0x00000000fa480000,0x00000000fa480000,0x00000000fa700000)
 ParOldGen       total 46080K, used 16475K [0x00000000b4800000, 0x00000000b7500000, 0x00000000e6d80000)
  object space 46080K, 35% used [0x00000000b4800000,0x00000000b5816d70,0x00000000b7500000)
 Metaspace       used 27490K, capacity 27768K, committed 28032K, reserved 1073152K
  class space    used 3278K, capacity 3376K, committed 3456K, reserved 1048576K

