# JRE version: OpenJDK Runtime Environment (8.0_102-b14) (build 1.8.0_102-8u102-b14.1-1~bpo8+1-b14)
# Java VM: OpenJDK 64-Bit Server VM (25.102-b14 mixed mode linux-amd64 compressed oops)
Heap:
 PSYoungGen      total 202240K, used 11264K [0x00000000eb580000, 0x00000000fa480000, 0x0000000100000000)
  eden space 190976K, 0% used [0x00000000eb580000,0x00000000eb580000,0x00000000f7000000)
  from space 11264K, 100% used [0x00000000f7000000,0x00000000f7b00000,0x00000000f7b00000)
  to   space 8192K, 0% used [0x00000000f7b00000,0x00000000f7b00000,0x00000000f8300000)
 ParOldGen       total 41472K, used 40781K [0x00000000c2000000, 0x00000000c4880000, 0x00000000eb580000)
  object space 41472K, 98% used [0x00000000c2000000,0x00000000c47d34c8,0x00000000c4880000)
 Metaspace       used 27285K, capacity 27544K, committed 27776K, reserved 1073152K
  class space    used 3251K, capacity 3344K, committed 3456K, reserved 1048576K
GC Heap History (10 events):
Event: 8,716 GC heap after
Heap after GC invocations=11 (full 0):
 PSYoungGen      total 105984K, used 5112K [0x00000000eb580000, 0x00000000f6180000, 0x0000000100000000)
  eden space 100864K, 0% used [0x00000000eb580000,0x00000000eb580000,0x00000000f1800000)
  from space 5120K, 99% used [0x00000000f1800000,0x00000000f1cfe0d0,0x00000000f1d00000)
  to   space 7168K, 0% used [0x00000000f5a80000,0x00000000f5a80000,0x00000000f6180000)
 ParOldGen       total 42496K, used 8915K [0x00000000c2000000, 0x00000000c4980000, 0x00000000eb580000)
  object space 42496K, 20% used [0x00000000c2000000,0x00000000c28b4d48,0x00000000c4980000)
 Metaspace       used 20863K, capacity 21094K, committed 21296K, reserved 1069056K
  class space    used 2561K, capacity 2669K, committed 2688K, reserved 1048576K
}
Event: 8,716 GC heap before
{Heap before GC invocations=12 (full 1):
 PSYoungGen      total 105984K, used 5112K [0x00000000eb580000, 0x00000000f6180000, 0x0000000100000000)
  eden space 100864K, 0% used [0x00000000eb580000,0x00000000eb580000,0x00000000f1800000)
  from space 5120K, 99% used [0x00000000f1800000,0x00000000f1cfe0d0,0x00000000f1d00000)
  to   space 7168K, 0% used [0x00000000f5a80000,0x00000000f5a80000,0x00000000f6180000)
 ParOldGen       total 42496K, used 8915K [0x00000000c2000000, 0x00000000c4980000, 0x00000000eb580000)
  object space 42496K, 20% used [0x00000000c2000000,0x00000000c28b4d48,0x00000000c4980000)
 Metaspace       used 20863K, capacity 21094K, committed 21296K, reserved 1069056K
  class space    used 2561K, capacity 2669K, committed 2688K, reserved 1048576K
Event: 8,844 GC heap after
Heap after GC invocations=12 (full 1):
 PSYoungGen      total 105984K, used 0K [0x00000000eb580000, 0x00000000f6180000, 0x0000000100000000)
  eden space 100864K, 0% used [0x00000000eb580000,0x00000000eb580000,0x00000000f1800000)
  from space 5120K, 0% used [0x00000000f1800000,0x00000000f1800000,0x00000000f1d00000)
  to   space 7168K, 0% used [0x00000000f5a80000,0x00000000f5a80000,0x00000000f6180000)
 ParOldGen       total 35840K, used 11265K [0x00000000c2000000, 0x00000000c4300000, 0x00000000eb580000)
  object space 35840K, 31% used [0x00000000c2000000,0x00000000c2b00560,0x00000000c4300000)
 Metaspace       used 20863K, capacity 21094K, committed 21296K, reserved 1069056K
  class space    used 2561K, capacity 2669K, committed 2688K, reserved 1048576K
}
Event: 11,739 GC heap before
{Heap before GC invocations=13 (full 1):
 PSYoungGen      total 105984K, used 100864K [0x00000000eb580000, 0x00000000f6180000, 0x0000000100000000)
  eden space 100864K, 100% used [0x00000000eb580000,0x00000000f1800000,0x00000000f1800000)
  from space 5120K, 0% used [0x00000000f1800000,0x00000000f1800000,0x00000000f1d00000)
  to   space 7168K, 0% used [0x00000000f5a80000,0x00000000f5a80000,0x00000000f6180000)
 ParOldGen       total 35840K, used 11265K [0x00000000c2000000, 0x00000000c4300000, 0x00000000eb580000)
  object space 35840K, 31% used [0x00000000c2000000,0x00000000c2b00560,0x00000000c4300000)
 Metaspace       used 26108K, capacity 26386K, committed 26624K, reserved 1073152K
  class space    used 3137K, capacity 3215K, committed 3328K, reserved 1048576K
Event: 11,771 GC heap after
Heap after GC invocations=13 (full 1):
 PSYoungGen      total 145408K, used 6161K [0x00000000eb580000, 0x00000000f6100000, 0x0000000100000000)
  eden space 138752K, 0% used [0x00000000eb580000,0x00000000eb580000,0x00000000f3d00000)
  from space 6656K, 92% used [0x00000000f5a80000,0x00000000f6084708,0x00000000f6100000)
  to   space 8192K, 0% used [0x00000000f5100000,0x00000000f5100000,0x00000000f5900000)
 ParOldGen       total 35840K, used 11273K [0x00000000c2000000, 0x00000000c4300000, 0x00000000eb580000)
  object space 35840K, 31% used [0x00000000c2000000,0x00000000c2b02560,0x00000000c4300000)
 Metaspace       used 26108K, capacity 26386K, committed 26624K, reserved 1073152K
  class space    used 3137K, capacity 3215K, committed 3328K, reserved 1048576K
}
Event: 13,087 GC heap before
{Heap before GC invocations=14 (full 1):
 PSYoungGen      total 145408K, used 144913K [0x00000000eb580000, 0x00000000f6100000, 0x0000000100000000)
  eden space 138752K, 100% used [0x00000000eb580000,0x00000000f3d00000,0x00000000f3d00000)
  from space 6656K, 92% used [0x00000000f5a80000,0x00000000f6084708,0x00000000f6100000)
  to   space 8192K, 0% used [0x00000000f5100000,0x00000000f5100000,0x00000000f5900000)
 ParOldGen       total 35840K, used 11273K [0x00000000c2000000, 0x00000000c4300000, 0x00000000eb580000)
  object space 35840K, 31% used [0x00000000c2000000,0x00000000c2b02560,0x00000000c4300000)
 Metaspace       used 26989K, capacity 27256K, committed 27392K, reserved 1073152K
  class space    used 3214K, capacity 3312K, committed 3328K, reserved 1048576K
Event: 13,143 GC heap after
Heap after GC invocations=14 (full 1):
 PSYoungGen      total 167424K, used 4158K [0x00000000eb580000, 0x00000000f8300000, 0x0000000100000000)
  eden space 159232K, 0% used [0x00000000eb580000,0x00000000eb580000,0x00000000f5100000)
  from space 8192K, 50% used [0x00000000f5100000,0x00000000f550f850,0x00000000f5900000)
  to   space 8192K, 0% used [0x00000000f7b00000,0x00000000f7b00000,0x00000000f8300000)
 ParOldGen       total 35840K, used 14153K [0x00000000c2000000, 0x00000000c4300000, 0x00000000eb580000)
  object space 35840K, 39% used [0x00000000c2000000,0x00000000c2dd2718,0x00000000c4300000)
 Metaspace       used 26989K, capacity 27256K, committed 27392K, reserved 1073152K
  class space    used 3214K, capacity 3312K, committed 3328K, reserved 1048576K
}
Event: 15,209 GC heap before
{Heap before GC invocations=15 (full 1):
 PSYoungGen      total 167424K, used 163390K [0x00000000eb580000, 0x00000000f8300000, 0x0000000100000000)
  eden space 159232K, 100% used [0x00000000eb580000,0x00000000f5100000,0x00000000f5100000)
  from space 8192K, 50% used [0x00000000f5100000,0x00000000f550f850,0x00000000f5900000)
  to   space 8192K, 0% used [0x00000000f7b00000,0x00000000f7b00000,0x00000000f8300000)
 ParOldGen       total 35840K, used 14153K [0x00000000c2000000, 0x00000000c4300000, 0x00000000eb580000)
  object space 35840K, 39% used [0x00000000c2000000,0x00000000c2dd2718,0x00000000c4300000)
 Metaspace       used 27249K, capacity 27544K, committed 27776K, reserved 1073152K
  class space    used 3247K, capacity 3344K, committed 3456K, reserved 1048576K
Event: 15,264 GC heap after
Heap after GC invocations=15 (full 1):
 PSYoungGen      total 199168K, used 8192K [0x00000000eb580000, 0x00000000fa480000, 0x0000000100000000)
  eden space 190976K, 0% used [0x00000000eb580000,0x00000000eb580000,0x00000000f7000000)
  from space 8192K, 100% used [0x00000000f7b00000,0x00000000f8300000,0x00000000f8300000)
  to   space 11264K, 0% used [0x00000000f7000000,0x00000000f7000000,0x00000000f7b00000)
 ParOldGen       total 35840K, used 18249K [0x00000000c2000000, 0x00000000c4300000, 0x00000000eb580000)
  object space 35840K, 50% used [0x00000000c2000000,0x00000000c31d25f0,0x00000000c4300000)
 Metaspace       used 27249K, capacity 27544K, committed 27776K, reserved 1073152K
  class space    used 3247K, capacity 3344K, committed 3456K, reserved 1048576K
}
Event: 16,245 GC heap before
{Heap before GC invocations=16 (full 1):
 PSYoungGen      total 199168K, used 199168K [0x00000000eb580000, 0x00000000fa480000, 0x0000000100000000)
  eden space 190976K, 100% used [0x00000000eb580000,0x00000000f7000000,0x00000000f7000000)
  from space 8192K, 100% used [0x00000000f7b00000,0x00000000f8300000,0x00000000f8300000)
  to   space 11264K, 0% used [0x00000000f7000000,0x00000000f7000000,0x00000000f7b00000)
 ParOldGen       total 35840K, used 18249K [0x00000000c2000000, 0x00000000c4300000, 0x00000000eb580000)
  object space 35840K, 50% used [0x00000000c2000000,0x00000000c31d25f0,0x00000000c4300000)
 Metaspace       used 27285K, capacity 27544K, committed 27776K, reserved 1073152K
  class space    used 3251K, capacity 3344K, committed 3456K, reserved 1048576K

