# JRE version: OpenJDK Runtime Environment (8.0_102-b14) (build 1.8.0_102-8u102-b14.1-1~bpo8+1-b14)
# Java VM: OpenJDK 64-Bit Server VM (25.102-b14 mixed mode linux-amd64 compressed oops)
Heap:
 PSYoungGen      total 259584K, used 12288K [0x00000000e6d80000, 0x00000000f9c80000, 0x0000000100000000)
  eden space 247296K, 0% used [0x00000000e6d80000,0x00000000e6d80000,0x00000000f5f00000)
  from space 12288K, 100% used [0x00000000f9080000,0x00000000f9c80000,0x00000000f9c80000)
  to   space 8704K, 0% used [0x00000000f5f00000,0x00000000f5f00000,0x00000000f6780000)
 ParOldGen       total 41984K, used 41542K [0x00000000b4800000, 0x00000000b7100000, 0x00000000e6d80000)
  object space 41984K, 98% used [0x00000000b4800000,0x00000000b70918a0,0x00000000b7100000)
 Metaspace       used 27303K, capacity 27544K, committed 27776K, reserved 1073152K
  class space    used 3256K, capacity 3344K, committed 3456K, reserved 1048576K
GC Heap History (10 events):
Event: 6,450 GC heap after
Heap after GC invocations=8 (full 0):
 PSYoungGen      total 160768K, used 224K [0x00000000e6d80000, 0x00000000f0f80000, 0x0000000100000000)
  eden space 155648K, 0% used [0x00000000e6d80000,0x00000000e6d80000,0x00000000f0580000)
  from space 5120K, 4% used [0x00000000f0a80000,0x00000000f0ab8000,0x00000000f0f80000)
  to   space 5120K, 0% used [0x00000000f0580000,0x00000000f0580000,0x00000000f0a80000)
 ParOldGen       total 52224K, used 5130K [0x00000000b4800000, 0x00000000b7b00000, 0x00000000e6d80000)
  object space 52224K, 9% used [0x00000000b4800000,0x00000000b4d029e8,0x00000000b7b00000)
 Metaspace       used 12891K, capacity 13116K, committed 13440K, reserved 1060864K
  class space    used 1550K, capacity 1594K, committed 1664K, reserved 1048576K
}
Event: 10,041 GC heap before
{Heap before GC invocations=9 (full 0):
 PSYoungGen      total 160768K, used 72126K [0x00000000e6d80000, 0x00000000f0f80000, 0x0000000100000000)
  eden space 155648K, 46% used [0x00000000e6d80000,0x00000000eb3b7b98,0x00000000f0580000)
  from space 5120K, 4% used [0x00000000f0a80000,0x00000000f0ab8000,0x00000000f0f80000)
  to   space 5120K, 0% used [0x00000000f0580000,0x00000000f0580000,0x00000000f0a80000)
 ParOldGen       total 52224K, used 5130K [0x00000000b4800000, 0x00000000b7b00000, 0x00000000e6d80000)
  object space 52224K, 9% used [0x00000000b4800000,0x00000000b4d029e8,0x00000000b7b00000)
 Metaspace       used 20836K, capacity 21094K, committed 21296K, reserved 1069056K
  class space    used 2561K, capacity 2669K, committed 2688K, reserved 1048576K
Event: 10,068 GC heap after
Heap after GC invocations=9 (full 0):
 PSYoungGen      total 160768K, used 5092K [0x00000000e6d80000, 0x00000000f7000000, 0x0000000100000000)
  eden space 155648K, 0% used [0x00000000e6d80000,0x00000000e6d80000,0x00000000f0580000)
  from space 5120K, 99% used [0x00000000f0580000,0x00000000f0a79008,0x00000000f0a80000)
  to   space 7680K, 0% used [0x00000000f6880000,0x00000000f6880000,0x00000000f7000000)
 ParOldGen       total 52224K, used 8606K [0x00000000b4800000, 0x00000000b7b00000, 0x00000000e6d80000)
  object space 52224K, 16% used [0x00000000b4800000,0x00000000b5067830,0x00000000b7b00000)
 Metaspace       used 20836K, capacity 21094K, committed 21296K, reserved 1069056K
  class space    used 2561K, capacity 2669K, committed 2688K, reserved 1048576K
}
Event: 10,068 GC heap before
{Heap before GC invocations=10 (full 1):
 PSYoungGen      total 160768K, used 5092K [0x00000000e6d80000, 0x00000000f7000000, 0x0000000100000000)
  eden space 155648K, 0% used [0x00000000e6d80000,0x00000000e6d80000,0x00000000f0580000)
  from space 5120K, 99% used [0x00000000f0580000,0x00000000f0a79008,0x00000000f0a80000)
  to   space 7680K, 0% used [0x00000000f6880000,0x00000000f6880000,0x00000000f7000000)
 ParOldGen       total 52224K, used 8606K [0x00000000b4800000, 0x00000000b7b00000, 0x00000000e6d80000)
  object space 52224K, 16% used [0x00000000b4800000,0x00000000b5067830,0x00000000b7b00000)
 Metaspace       used 20836K, capacity 21094K, committed 21296K, reserved 1069056K
  class space    used 2561K, capacity 2669K, committed 2688K, reserved 1048576K
Event: 10,214 GC heap after
Heap after GC invocations=10 (full 1):
 PSYoungGen      total 160768K, used 0K [0x00000000e6d80000, 0x00000000f7000000, 0x0000000100000000)
  eden space 155648K, 0% used [0x00000000e6d80000,0x00000000e6d80000,0x00000000f0580000)
  from space 5120K, 0% used [0x00000000f0580000,0x00000000f0580000,0x00000000f0a80000)
  to   space 7680K, 0% used [0x00000000f6880000,0x00000000f6880000,0x00000000f7000000)
 ParOldGen       total 41472K, used 11281K [0x00000000b4800000, 0x00000000b7080000, 0x00000000e6d80000)
  object space 41472K, 27% used [0x00000000b4800000,0x00000000b5304428,0x00000000b7080000)
 Metaspace       used 20836K, capacity 21094K, committed 21296K, reserved 1069056K
  class space    used 2561K, capacity 2669K, committed 2688K, reserved 1048576K
}
Event: 13,850 GC heap before
{Heap before GC invocations=11 (full 1):
 PSYoungGen      total 160768K, used 155648K [0x00000000e6d80000, 0x00000000f7000000, 0x0000000100000000)
  eden space 155648K, 100% used [0x00000000e6d80000,0x00000000f0580000,0x00000000f0580000)
  from space 5120K, 0% used [0x00000000f0580000,0x00000000f0580000,0x00000000f0a80000)
  to   space 7680K, 0% used [0x00000000f6880000,0x00000000f6880000,0x00000000f7000000)
 ParOldGen       total 41472K, used 11281K [0x00000000b4800000, 0x00000000b7080000, 0x00000000e6d80000)
  object space 41472K, 27% used [0x00000000b4800000,0x00000000b5304428,0x00000000b7080000)
 Metaspace       used 26485K, capacity 26744K, committed 27136K, reserved 1073152K
  class space    used 3172K, capacity 3248K, committed 3328K, reserved 1048576K
Event: 13,876 GC heap after
Heap after GC invocations=11 (full 1):
 PSYoungGen      total 219136K, used 7666K [0x00000000e6d80000, 0x00000000f7000000, 0x0000000100000000)
  eden space 211456K, 0% used [0x00000000e6d80000,0x00000000e6d80000,0x00000000f3c00000)
  from space 7680K, 99% used [0x00000000f6880000,0x00000000f6ffcad8,0x00000000f7000000)
  to   space 8704K, 0% used [0x00000000f5f00000,0x00000000f5f00000,0x00000000f6780000)
 ParOldGen       total 41472K, used 11350K [0x00000000b4800000, 0x00000000b7080000, 0x00000000e6d80000)
  object space 41472K, 27% used [0x00000000b4800000,0x00000000b5315930,0x00000000b7080000)
 Metaspace       used 26485K, capacity 26744K, committed 27136K, reserved 1073152K
  class space    used 3172K, capacity 3248K, committed 3328K, reserved 1048576K
}
Event: 17,453 GC heap before
{Heap before GC invocations=12 (full 1):
 PSYoungGen      total 219136K, used 219122K [0x00000000e6d80000, 0x00000000f7000000, 0x0000000100000000)
  eden space 211456K, 100% used [0x00000000e6d80000,0x00000000f3c00000,0x00000000f3c00000)
  from space 7680K, 99% used [0x00000000f6880000,0x00000000f6ffcad8,0x00000000f7000000)
  to   space 8704K, 0% used [0x00000000f5f00000,0x00000000f5f00000,0x00000000f6780000)
 ParOldGen       total 41472K, used 11350K [0x00000000b4800000, 0x00000000b7080000, 0x00000000e6d80000)
  object space 41472K, 27% used [0x00000000b4800000,0x00000000b5315930,0x00000000b7080000)
 Metaspace       used 27198K, capacity 27480K, committed 27776K, reserved 1073152K
  class space    used 3244K, capacity 3344K, committed 3456K, reserved 1048576K
Event: 17,522 GC heap after
Heap after GC invocations=12 (full 1):
 PSYoungGen      total 256000K, used 8672K [0x00000000e6d80000, 0x00000000f9c80000, 0x0000000100000000)
  eden space 247296K, 0% used [0x00000000e6d80000,0x00000000e6d80000,0x00000000f5f00000)
  from space 8704K, 99% used [0x00000000f5f00000,0x00000000f6778010,0x00000000f6780000)
  to   space 12288K, 0% used [0x00000000f9080000,0x00000000f9080000,0x00000000f9c80000)
 ParOldGen       total 41472K, used 17805K [0x00000000b4800000, 0x00000000b7080000, 0x00000000e6d80000)
  object space 41472K, 42% used [0x00000000b4800000,0x00000000b59636e8,0x00000000b7080000)
 Metaspace       used 27198K, capacity 27480K, committed 27776K, reserved 1073152K
  class space    used 3244K, capacity 3344K, committed 3456K, reserved 1048576K
}
Event: 19,192 GC heap before
{Heap before GC invocations=13 (full 1):
 PSYoungGen      total 256000K, used 255968K [0x00000000e6d80000, 0x00000000f9c80000, 0x0000000100000000)
  eden space 247296K, 100% used [0x00000000e6d80000,0x00000000f5f00000,0x00000000f5f00000)
  from space 8704K, 99% used [0x00000000f5f00000,0x00000000f6778010,0x00000000f6780000)
  to   space 12288K, 0% used [0x00000000f9080000,0x00000000f9080000,0x00000000f9c80000)
 ParOldGen       total 41472K, used 17805K [0x00000000b4800000, 0x00000000b7080000, 0x00000000e6d80000)
  object space 41472K, 42% used [0x00000000b4800000,0x00000000b59636e8,0x00000000b7080000)
 Metaspace       used 27303K, capacity 27544K, committed 27776K, reserved 1073152K
  class space    used 3256K, capacity 3344K, committed 3456K, reserved 1048576K

