# JRE version: OpenJDK Runtime Environment (8.0_102-b14) (build 1.8.0_102-8u102-b14.1-1~bpo8+1-b14)
# Java VM: OpenJDK 64-Bit Server VM (25.102-b14 mixed mode linux-amd64 compressed oops)
Heap:
 PSYoungGen      total 207872K, used 11264K [0x00000000eb580000, 0x00000000fa200000, 0x0000000100000000)
  eden space 196608K, 0% used [0x00000000eb580000,0x00000000eb580000,0x00000000f7580000)
  from space 11264K, 100% used [0x00000000f7580000,0x00000000f8080000,0x00000000f8080000)
  to   space 8192K, 0% used [0x00000000f8080000,0x00000000f8080000,0x00000000f8880000)
 ParOldGen       total 43008K, used 42046K [0x00000000c2000000, 0x00000000c4a00000, 0x00000000eb580000)
  object space 43008K, 97% used [0x00000000c2000000,0x00000000c490fbf0,0x00000000c4a00000)
 Metaspace       used 27258K, capacity 27544K, committed 27776K, reserved 1073152K
  class space    used 3251K, capacity 3344K, committed 3456K, reserved 1048576K
GC Heap History (10 events):
Event: 10,140 GC heap after
Heap after GC invocations=11 (full 0):
 PSYoungGen      total 105984K, used 5112K [0x00000000eb580000, 0x00000000f6180000, 0x0000000100000000)
  eden space 100864K, 0% used [0x00000000eb580000,0x00000000eb580000,0x00000000f1800000)
  from space 5120K, 99% used [0x00000000f1800000,0x00000000f1cfe0d0,0x00000000f1d00000)
  to   space 7168K, 0% used [0x00000000f5a80000,0x00000000f5a80000,0x00000000f6180000)
 ParOldGen       total 42496K, used 8952K [0x00000000c2000000, 0x00000000c4980000, 0x00000000eb580000)
  object space 42496K, 21% used [0x00000000c2000000,0x00000000c28be270,0x00000000c4980000)
 Metaspace       used 20830K, capacity 21094K, committed 21296K, reserved 1069056K
  class space    used 2561K, capacity 2669K, committed 2688K, reserved 1048576K
}
Event: 10,141 GC heap before
{Heap before GC invocations=12 (full 1):
 PSYoungGen      total 105984K, used 5112K [0x00000000eb580000, 0x00000000f6180000, 0x0000000100000000)
  eden space 100864K, 0% used [0x00000000eb580000,0x00000000eb580000,0x00000000f1800000)
  from space 5120K, 99% used [0x00000000f1800000,0x00000000f1cfe0d0,0x00000000f1d00000)
  to   space 7168K, 0% used [0x00000000f5a80000,0x00000000f5a80000,0x00000000f6180000)
 ParOldGen       total 42496K, used 8952K [0x00000000c2000000, 0x00000000c4980000, 0x00000000eb580000)
  object space 42496K, 21% used [0x00000000c2000000,0x00000000c28be270,0x00000000c4980000)
 Metaspace       used 20830K, capacity 21094K, committed 21296K, reserved 1069056K
  class space    used 2561K, capacity 2669K, committed 2688K, reserved 1048576K
Event: 10,281 GC heap after
Heap after GC invocations=12 (full 1):
 PSYoungGen      total 105984K, used 0K [0x00000000eb580000, 0x00000000f6180000, 0x0000000100000000)
  eden space 100864K, 0% used [0x00000000eb580000,0x00000000eb580000,0x00000000f1800000)
  from space 5120K, 0% used [0x00000000f1800000,0x00000000f1800000,0x00000000f1d00000)
  to   space 7168K, 0% used [0x00000000f5a80000,0x00000000f5a80000,0x00000000f6180000)
 ParOldGen       total 35328K, used 11267K [0x00000000c2000000, 0x00000000c4280000, 0x00000000eb580000)
  object space 35328K, 31% used [0x00000000c2000000,0x00000000c2b00e20,0x00000000c4280000)
 Metaspace       used 20830K, capacity 21094K, committed 21296K, reserved 1069056K
  class space    used 2561K, capacity 2669K, committed 2688K, reserved 1048576K
}
Event: 13,570 GC heap before
{Heap before GC invocations=13 (full 1):
 PSYoungGen      total 105984K, used 100864K [0x00000000eb580000, 0x00000000f6180000, 0x0000000100000000)
  eden space 100864K, 100% used [0x00000000eb580000,0x00000000f1800000,0x00000000f1800000)
  from space 5120K, 0% used [0x00000000f1800000,0x00000000f1800000,0x00000000f1d00000)
  to   space 7168K, 0% used [0x00000000f5a80000,0x00000000f5a80000,0x00000000f6180000)
 ParOldGen       total 35328K, used 11267K [0x00000000c2000000, 0x00000000c4280000, 0x00000000eb580000)
  object space 35328K, 31% used [0x00000000c2000000,0x00000000c2b00e20,0x00000000c4280000)
 Metaspace       used 26112K, capacity 26386K, committed 26624K, reserved 1073152K
  class space    used 3137K, capacity 3215K, committed 3328K, reserved 1048576K
Event: 13,623 GC heap after
Heap after GC invocations=13 (full 1):
 PSYoungGen      total 147968K, used 6070K [0x00000000eb580000, 0x00000000f6080000, 0x0000000100000000)
  eden space 141824K, 0% used [0x00000000eb580000,0x00000000eb580000,0x00000000f4000000)
  from space 6144K, 98% used [0x00000000f5a80000,0x00000000f606dab8,0x00000000f6080000)
  to   space 8192K, 0% used [0x00000000f5080000,0x00000000f5080000,0x00000000f5880000)
 ParOldGen       total 35328K, used 11275K [0x00000000c2000000, 0x00000000c4280000, 0x00000000eb580000)
  object space 35328K, 31% used [0x00000000c2000000,0x00000000c2b02e20,0x00000000c4280000)
 Metaspace       used 26112K, capacity 26386K, committed 26624K, reserved 1073152K
  class space    used 3137K, capacity 3215K, committed 3328K, reserved 1048576K
}
Event: 15,580 GC heap before
{Heap before GC invocations=14 (full 1):
 PSYoungGen      total 147968K, used 147894K [0x00000000eb580000, 0x00000000f6080000, 0x0000000100000000)
  eden space 141824K, 100% used [0x00000000eb580000,0x00000000f4000000,0x00000000f4000000)
  from space 6144K, 98% used [0x00000000f5a80000,0x00000000f606dab8,0x00000000f6080000)
  to   space 8192K, 0% used [0x00000000f5080000,0x00000000f5080000,0x00000000f5880000)
 ParOldGen       total 35328K, used 11275K [0x00000000c2000000, 0x00000000c4280000, 0x00000000eb580000)
  object space 35328K, 31% used [0x00000000c2000000,0x00000000c2b02e20,0x00000000c4280000)
 Metaspace       used 26978K, capacity 27256K, committed 27392K, reserved 1073152K
  class space    used 3214K, capacity 3312K, committed 3328K, reserved 1048576K
Event: 15,640 GC heap after
Heap after GC invocations=14 (full 1):
 PSYoungGen      total 166912K, used 4078K [0x00000000eb580000, 0x00000000f8880000, 0x0000000100000000)
  eden space 158720K, 0% used [0x00000000eb580000,0x00000000eb580000,0x00000000f5080000)
  from space 8192K, 49% used [0x00000000f5080000,0x00000000f547b810,0x00000000f5880000)
  to   space 8192K, 0% used [0x00000000f8080000,0x00000000f8080000,0x00000000f8880000)
 ParOldGen       total 35328K, used 14151K [0x00000000c2000000, 0x00000000c4280000, 0x00000000eb580000)
  object space 35328K, 40% used [0x00000000c2000000,0x00000000c2dd1e10,0x00000000c4280000)
 Metaspace       used 26978K, capacity 27256K, committed 27392K, reserved 1073152K
  class space    used 3214K, capacity 3312K, committed 3328K, reserved 1048576K
}
Event: 24,946 GC heap before
{Heap before GC invocations=15 (full 1):
 PSYoungGen      total 166912K, used 162798K [0x00000000eb580000, 0x00000000f8880000, 0x0000000100000000)
  eden space 158720K, 100% used [0x00000000eb580000,0x00000000f5080000,0x00000000f5080000)
  from space 8192K, 49% used [0x00000000f5080000,0x00000000f547b810,0x00000000f5880000)
  to   space 8192K, 0% used [0x00000000f8080000,0x00000000f8080000,0x00000000f8880000)
 ParOldGen       total 35328K, used 14151K [0x00000000c2000000, 0x00000000c4280000, 0x00000000eb580000)
  object space 35328K, 40% used [0x00000000c2000000,0x00000000c2dd1e10,0x00000000c4280000)
 Metaspace       used 27242K, capacity 27544K, committed 27776K, reserved 1073152K
  class space    used 3248K, capacity 3344K, committed 3456K, reserved 1048576K
Event: 25,053 GC heap after
Heap after GC invocations=15 (full 1):
 PSYoungGen      total 204800K, used 8176K [0x00000000eb580000, 0x00000000fa200000, 0x0000000100000000)
  eden space 196608K, 0% used [0x00000000eb580000,0x00000000eb580000,0x00000000f7580000)
  from space 8192K, 99% used [0x00000000f8080000,0x00000000f887c020,0x00000000f8880000)
  to   space 11264K, 0% used [0x00000000f7580000,0x00000000f7580000,0x00000000f8080000)
 ParOldGen       total 35328K, used 18355K [0x00000000c2000000, 0x00000000c4280000, 0x00000000eb580000)
  object space 35328K, 51% used [0x00000000c2000000,0x00000000c31eccf8,0x00000000c4280000)
 Metaspace       used 27242K, capacity 27544K, committed 27776K, reserved 1073152K
  class space    used 3248K, capacity 3344K, committed 3456K, reserved 1048576K
}
Event: 33,564 GC heap before
{Heap before GC invocations=16 (full 1):
 PSYoungGen      total 204800K, used 204784K [0x00000000eb580000, 0x00000000fa200000, 0x0000000100000000)
  eden space 196608K, 100% used [0x00000000eb580000,0x00000000f7580000,0x00000000f7580000)
  from space 8192K, 99% used [0x00000000f8080000,0x00000000f887c020,0x00000000f8880000)
  to   space 11264K, 0% used [0x00000000f7580000,0x00000000f7580000,0x00000000f8080000)
 ParOldGen       total 35328K, used 18355K [0x00000000c2000000, 0x00000000c4280000, 0x00000000eb580000)
  object space 35328K, 51% used [0x00000000c2000000,0x00000000c31eccf8,0x00000000c4280000)
 Metaspace       used 27258K, capacity 27544K, committed 27776K, reserved 1073152K
  class space    used 3251K, capacity 3344K, committed 3456K, reserved 1048576K

