# JRE version: OpenJDK Runtime Environment (8.0_102-b14) (build 1.8.0_102-8u102-b14.1-1~bpo8+1-b14)
# Java VM: OpenJDK 64-Bit Server VM (25.102-b14 mixed mode linux-amd64 compressed oops)
Heap:
 PSYoungGen      total 199680K, used 11264K [0x00000000eb580000, 0x00000000fa300000, 0x0000000100000000)
  eden space 188416K, 0% used [0x00000000eb580000,0x00000000eb580000,0x00000000f6d80000)
  from space 11264K, 100% used [0x00000000f6d80000,0x00000000f7880000,0x00000000f7880000)
  to   space 8192K, 0% used [0x00000000f7880000,0x00000000f7880000,0x00000000f8080000)
 ParOldGen       total 40448K, used 40404K [0x00000000c2000000, 0x00000000c4780000, 0x00000000eb580000)
  object space 40448K, 99% used [0x00000000c2000000,0x00000000c47751e0,0x00000000c4780000)
 Metaspace       used 27278K, capacity 27544K, committed 27776K, reserved 1073152K
  class space    used 3251K, capacity 3344K, committed 3456K, reserved 1048576K
GC Heap History (10 events):
Event: 9,257 GC heap after
Heap after GC invocations=11 (full 0):
 PSYoungGen      total 105984K, used 5112K [0x00000000eb580000, 0x00000000f6180000, 0x0000000100000000)
  eden space 100864K, 0% used [0x00000000eb580000,0x00000000eb580000,0x00000000f1800000)
  from space 5120K, 99% used [0x00000000f1800000,0x00000000f1cfe0d0,0x00000000f1d00000)
  to   space 7168K, 0% used [0x00000000f5a80000,0x00000000f5a80000,0x00000000f6180000)
 ParOldGen       total 42496K, used 8901K [0x00000000c2000000, 0x00000000c4980000, 0x00000000eb580000)
  object space 42496K, 20% used [0x00000000c2000000,0x00000000c28b14a0,0x00000000c4980000)
 Metaspace       used 20853K, capacity 21094K, committed 21296K, reserved 1069056K
  class space    used 2561K, capacity 2669K, committed 2688K, reserved 1048576K
}
Event: 9,257 GC heap before
{Heap before GC invocations=12 (full 1):
 PSYoungGen      total 105984K, used 5112K [0x00000000eb580000, 0x00000000f6180000, 0x0000000100000000)
  eden space 100864K, 0% used [0x00000000eb580000,0x00000000eb580000,0x00000000f1800000)
  from space 5120K, 99% used [0x00000000f1800000,0x00000000f1cfe0d0,0x00000000f1d00000)
  to   space 7168K, 0% used [0x00000000f5a80000,0x00000000f5a80000,0x00000000f6180000)
 ParOldGen       total 42496K, used 8901K [0x00000000c2000000, 0x00000000c4980000, 0x00000000eb580000)
  object space 42496K, 20% used [0x00000000c2000000,0x00000000c28b14a0,0x00000000c4980000)
 Metaspace       used 20853K, capacity 21094K, committed 21296K, reserved 1069056K
  class space    used 2561K, capacity 2669K, committed 2688K, reserved 1048576K
Event: 9,406 GC heap after
Heap after GC invocations=12 (full 1):
 PSYoungGen      total 105984K, used 0K [0x00000000eb580000, 0x00000000f6180000, 0x0000000100000000)
  eden space 100864K, 0% used [0x00000000eb580000,0x00000000eb580000,0x00000000f1800000)
  from space 5120K, 0% used [0x00000000f1800000,0x00000000f1800000,0x00000000f1d00000)
  to   space 7168K, 0% used [0x00000000f5a80000,0x00000000f5a80000,0x00000000f6180000)
 ParOldGen       total 35840K, used 11270K [0x00000000c2000000, 0x00000000c4300000, 0x00000000eb580000)
  object space 35840K, 31% used [0x00000000c2000000,0x00000000c2b01ae0,0x00000000c4300000)
 Metaspace       used 20853K, capacity 21094K, committed 21296K, reserved 1069056K
  class space    used 2561K, capacity 2669K, committed 2688K, reserved 1048576K
}
Event: 12,346 GC heap before
{Heap before GC invocations=13 (full 1):
 PSYoungGen      total 105984K, used 100864K [0x00000000eb580000, 0x00000000f6180000, 0x0000000100000000)
  eden space 100864K, 100% used [0x00000000eb580000,0x00000000f1800000,0x00000000f1800000)
  from space 5120K, 0% used [0x00000000f1800000,0x00000000f1800000,0x00000000f1d00000)
  to   space 7168K, 0% used [0x00000000f5a80000,0x00000000f5a80000,0x00000000f6180000)
 ParOldGen       total 35840K, used 11270K [0x00000000c2000000, 0x00000000c4300000, 0x00000000eb580000)
  object space 35840K, 31% used [0x00000000c2000000,0x00000000c2b01ae0,0x00000000c4300000)
 Metaspace       used 26085K, capacity 26386K, committed 26624K, reserved 1073152K
  class space    used 3137K, capacity 3215K, committed 3328K, reserved 1048576K
Event: 12,379 GC heap after
Heap after GC invocations=13 (full 1):
 PSYoungGen      total 145408K, used 6148K [0x00000000eb580000, 0x00000000f6100000, 0x0000000100000000)
  eden space 138752K, 0% used [0x00000000eb580000,0x00000000eb580000,0x00000000f3d00000)
  from space 6656K, 92% used [0x00000000f5a80000,0x00000000f60811f0,0x00000000f6100000)
  to   space 8192K, 0% used [0x00000000f5100000,0x00000000f5100000,0x00000000f5900000)
 ParOldGen       total 35840K, used 11278K [0x00000000c2000000, 0x00000000c4300000, 0x00000000eb580000)
  object space 35840K, 31% used [0x00000000c2000000,0x00000000c2b03ae0,0x00000000c4300000)
 Metaspace       used 26085K, capacity 26386K, committed 26624K, reserved 1073152K
  class space    used 3137K, capacity 3215K, committed 3328K, reserved 1048576K
}
Event: 14,113 GC heap before
{Heap before GC invocations=14 (full 1):
 PSYoungGen      total 145408K, used 144900K [0x00000000eb580000, 0x00000000f6100000, 0x0000000100000000)
  eden space 138752K, 100% used [0x00000000eb580000,0x00000000f3d00000,0x00000000f3d00000)
  from space 6656K, 92% used [0x00000000f5a80000,0x00000000f60811f0,0x00000000f6100000)
  to   space 8192K, 0% used [0x00000000f5100000,0x00000000f5100000,0x00000000f5900000)
 ParOldGen       total 35840K, used 11278K [0x00000000c2000000, 0x00000000c4300000, 0x00000000eb580000)
  object space 35840K, 31% used [0x00000000c2000000,0x00000000c2b03ae0,0x00000000c4300000)
 Metaspace       used 26989K, capacity 27320K, committed 27648K, reserved 1073152K
  class space    used 3214K, capacity 3312K, committed 3328K, reserved 1048576K
Event: 14,166 GC heap after
Heap after GC invocations=14 (full 1):
 PSYoungGen      total 167424K, used 4222K [0x00000000eb580000, 0x00000000f8080000, 0x0000000100000000)
  eden space 159232K, 0% used [0x00000000eb580000,0x00000000eb580000,0x00000000f5100000)
  from space 8192K, 51% used [0x00000000f5100000,0x00000000f551f870,0x00000000f5900000)
  to   space 8192K, 0% used [0x00000000f7880000,0x00000000f7880000,0x00000000f8080000)
 ParOldGen       total 35840K, used 14161K [0x00000000c2000000, 0x00000000c4300000, 0x00000000eb580000)
  object space 35840K, 39% used [0x00000000c2000000,0x00000000c2dd4780,0x00000000c4300000)
 Metaspace       used 26989K, capacity 27320K, committed 27648K, reserved 1073152K
  class space    used 3214K, capacity 3312K, committed 3328K, reserved 1048576K
}
Event: 16,368 GC heap before
{Heap before GC invocations=15 (full 1):
 PSYoungGen      total 167424K, used 163454K [0x00000000eb580000, 0x00000000f8080000, 0x0000000100000000)
  eden space 159232K, 100% used [0x00000000eb580000,0x00000000f5100000,0x00000000f5100000)
  from space 8192K, 51% used [0x00000000f5100000,0x00000000f551f870,0x00000000f5900000)
  to   space 8192K, 0% used [0x00000000f7880000,0x00000000f7880000,0x00000000f8080000)
 ParOldGen       total 35840K, used 14161K [0x00000000c2000000, 0x00000000c4300000, 0x00000000eb580000)
  object space 35840K, 39% used [0x00000000c2000000,0x00000000c2dd4780,0x00000000c4300000)
 Metaspace       used 27241K, capacity 27544K, committed 27776K, reserved 1073152K
  class space    used 3247K, capacity 3344K, committed 3456K, reserved 1048576K
Event: 16,437 GC heap after
Heap after GC invocations=15 (full 1):
 PSYoungGen      total 196608K, used 8192K [0x00000000eb580000, 0x00000000fa300000, 0x0000000100000000)
  eden space 188416K, 0% used [0x00000000eb580000,0x00000000eb580000,0x00000000f6d80000)
  from space 8192K, 100% used [0x00000000f7880000,0x00000000f8080000,0x00000000f8080000)
  to   space 11264K, 0% used [0x00000000f6d80000,0x00000000f6d80000,0x00000000f7880000)
 ParOldGen       total 35840K, used 18293K [0x00000000c2000000, 0x00000000c4300000, 0x00000000eb580000)
  object space 35840K, 51% used [0x00000000c2000000,0x00000000c31dd508,0x00000000c4300000)
 Metaspace       used 27241K, capacity 27544K, committed 27776K, reserved 1073152K
  class space    used 3247K, capacity 3344K, committed 3456K, reserved 1048576K
}
Event: 17,430 GC heap before
{Heap before GC invocations=16 (full 1):
 PSYoungGen      total 196608K, used 196608K [0x00000000eb580000, 0x00000000fa300000, 0x0000000100000000)
  eden space 188416K, 100% used [0x00000000eb580000,0x00000000f6d80000,0x00000000f6d80000)
  from space 8192K, 100% used [0x00000000f7880000,0x00000000f8080000,0x00000000f8080000)
  to   space 11264K, 0% used [0x00000000f6d80000,0x00000000f6d80000,0x00000000f7880000)
 ParOldGen       total 35840K, used 18293K [0x00000000c2000000, 0x00000000c4300000, 0x00000000eb580000)
  object space 35840K, 51% used [0x00000000c2000000,0x00000000c31dd508,0x00000000c4300000)
 Metaspace       used 27278K, capacity 27544K, committed 27776K, reserved 1073152K
  class space    used 3251K, capacity 3344K, committed 3456K, reserved 1048576K

